2021-06-02 08:26:53,832 INFO org.hibernate.validator.internal.util.Version [background-preinit] HV000001: Hibernate Validator 6.1.7.Final
2021-06-02 08:26:53,832 INFO org.springframework.boot.StartupInfoLogger [restartedMain] Starting FlightManagementApplication using Java 15.0.2 on GNANI with PID 4636 (C:\Users\Gnanesh\eclipse-workspace\Flight-Management-Application\target\classes started by Gnanesh in C:\Users\Gnanesh\eclipse-workspace\Flight-Management-Application)
2021-06-02 08:26:53,835 INFO org.springframework.boot.SpringApplication [restartedMain] No active profile set, falling back to default profiles: default
2021-06-02 08:26:53,871 INFO org.springframework.boot.logging.DeferredLog [restartedMain] The Class-Path manifest attribute in C:\Users\Gnanesh\.m2\repository\com\oracle\database\jdbc\ojdbc8\19.8.0.0\ojdbc8-19.8.0.0.jar referenced one or more files that do not exist: file:/C:/Users/Gnanesh/.m2/repository/com/oracle/database/jdbc/ojdbc8/19.8.0.0/oraclepki.jar
2021-06-02 08:26:53,871 INFO org.springframework.boot.logging.DeferredLog [restartedMain] Devtools property defaults active! Set 'spring.devtools.add-properties' to 'false' to disable
2021-06-02 08:26:53,871 INFO org.springframework.boot.logging.DeferredLog [restartedMain] For additional web related logging consider setting the 'logging.level.web' property to 'DEBUG'
2021-06-02 08:26:54,554 INFO org.springframework.data.repository.config.RepositoryConfigurationDelegate [restartedMain] Bootstrapping Spring Data JPA repositories in DEFAULT mode.
2021-06-02 08:26:54,618 INFO org.springframework.data.repository.config.RepositoryConfigurationDelegate [restartedMain] Finished Spring Data repository scanning in 55 ms. Found 7 JPA repository interfaces.
2021-06-02 08:26:55,105 INFO org.springframework.boot.web.embedded.tomcat.TomcatWebServer [restartedMain] Tomcat initialized with port(s): 8082 (http)
2021-06-02 08:26:55,115 INFO org.apache.juli.logging.DirectJDKLog [restartedMain] Initializing ProtocolHandler ["http-nio-8082"]
2021-06-02 08:26:55,115 INFO org.apache.juli.logging.DirectJDKLog [restartedMain] Starting service [Tomcat]
2021-06-02 08:26:55,115 INFO org.apache.juli.logging.DirectJDKLog [restartedMain] Starting Servlet engine: [Apache Tomcat/9.0.45]
2021-06-02 08:26:55,185 INFO org.apache.juli.logging.DirectJDKLog [restartedMain] Initializing Spring embedded WebApplicationContext
2021-06-02 08:26:55,185 INFO org.springframework.boot.web.servlet.context.ServletWebServerApplicationContext [restartedMain] Root WebApplicationContext: initialization completed in 1313 ms
2021-06-02 08:26:55,329 INFO org.hibernate.jpa.internal.util.LogHelper [restartedMain] HHH000204: Processing PersistenceUnitInfo [name: default]
2021-06-02 08:26:55,378 INFO org.hibernate.Version [restartedMain] HHH000412: Hibernate ORM core version 5.4.30.Final
2021-06-02 08:26:55,506 INFO org.hibernate.annotations.common.reflection.java.JavaReflectionManager [restartedMain] HCANN000001: Hibernate Commons Annotations {5.1.2.Final}
2021-06-02 08:26:55,600 INFO com.zaxxer.hikari.HikariDataSource [restartedMain] HikariPool-1 - Starting...
2021-06-02 08:26:55,603 WARN com.zaxxer.hikari.util.DriverDataSource [restartedMain] Registered driver with driverClassName=oracle.jdbc.driver.OracleDriver was not found, trying direct instantiation.
2021-06-02 08:26:55,819 INFO com.zaxxer.hikari.HikariDataSource [restartedMain] HikariPool-1 - Start completed.
2021-06-02 08:26:55,836 INFO org.hibernate.dialect.Dialect [restartedMain] HHH000400: Using dialect: org.hibernate.dialect.Oracle10gDialect
2021-06-02 08:26:56,615 INFO org.hibernate.engine.transaction.jta.platform.internal.JtaPlatformInitiator [restartedMain] HHH000490: Using JtaPlatform implementation: [org.hibernate.engine.transaction.jta.platform.internal.NoJtaPlatform]
2021-06-02 08:26:56,624 INFO org.springframework.orm.jpa.AbstractEntityManagerFactoryBean [restartedMain] Initialized JPA EntityManagerFactory for persistence unit 'default'
2021-06-02 08:26:56,649 INFO org.springframework.boot.devtools.autoconfigure.OptionalLiveReloadServer [restartedMain] LiveReload server is running on port 35729
2021-06-02 08:26:57,175 WARN org.springframework.boot.autoconfigure.orm.jpa.JpaBaseConfiguration$JpaWebConfiguration [restartedMain] spring.jpa.open-in-view is enabled by default. Therefore, database queries may be performed during view rendering. Explicitly configure spring.jpa.open-in-view to disable this warning
2021-06-02 08:26:57,282 INFO springfox.documentation.spring.web.PropertySourcedRequestMappingHandlerMapping [restartedMain] Mapped URL path [/v2/api-docs] onto method [springfox.documentation.swagger2.web.Swagger2Controller#getDocumentation(String, HttpServletRequest)]
2021-06-02 08:26:57,349 INFO org.springframework.scheduling.concurrent.ExecutorConfigurationSupport [restartedMain] Initializing ExecutorService 'applicationTaskExecutor'
2021-06-02 08:26:57,473 INFO org.apache.juli.logging.DirectJDKLog [restartedMain] Starting ProtocolHandler ["http-nio-8082"]
2021-06-02 08:26:57,494 INFO org.springframework.boot.web.embedded.tomcat.TomcatWebServer [restartedMain] Tomcat started on port(s): 8082 (http) with context path ''
2021-06-02 08:26:57,495 INFO springfox.documentation.spring.web.plugins.DocumentationPluginsBootstrapper [restartedMain] Context refreshed
2021-06-02 08:26:57,509 INFO springfox.documentation.spring.web.plugins.DocumentationPluginsBootstrapper [restartedMain] Found 1 custom documentation plugin(s)
2021-06-02 08:26:57,526 INFO springfox.documentation.spring.web.scanners.ApiListingReferenceScanner [restartedMain] Scanning for api listing references
2021-06-02 08:26:57,768 INFO org.springframework.boot.StartupInfoLogger [restartedMain] Started FlightManagementApplication in 4.273 seconds (JVM running for 5.015)
2021-06-02 08:28:18,265 INFO org.apache.juli.logging.DirectJDKLog [http-nio-8082-exec-1] Initializing Spring DispatcherServlet 'dispatcherServlet'
2021-06-02 08:28:18,266 INFO org.springframework.web.servlet.FrameworkServlet [http-nio-8082-exec-1] Initializing Servlet 'dispatcherServlet'
2021-06-02 08:28:18,267 INFO org.springframework.web.servlet.FrameworkServlet [http-nio-8082-exec-1] Completed initialization in 1 ms
2021-06-02 08:28:18,311 INFO com.cg.flightmgmt.controller.ScheduledFlightController [http-nio-8082-exec-1] ResponseEntity<ScheduledFlight> viewAllScheduledFlightsbyAirport()
2021-06-02 08:28:27,448 INFO com.cg.flightmgmt.controller.ScheduledFlightController [http-nio-8082-exec-2] ResponseEntity<ScheduledFlight> viewAllScheduledFlightsbyAirport()
2021-06-02 08:28:54,928 INFO com.cg.flightmgmt.controller.ScheduledFlightController [http-nio-8082-exec-1] ResponseEntity<ScheduledFlight> viewAllScheduledFlight()
2021-06-02 08:28:54,929 INFO com.cg.flightmgmt.service.ScheduledFlightService [http-nio-8082-exec-1] List<ScheduledFlight> viewAllScheduledFlights()
2021-06-02 08:37:04,293 INFO com.cg.flightmgmt.controller.ScheduledFlightController [http-nio-8082-exec-9] ResponseEntity<ScheduledFlight> viewAllScheduledFlightsbyAirport()
2021-06-02 08:37:04,967 INFO com.cg.flightmgmt.controller.ScheduledFlightController [http-nio-8082-exec-1] ResponseEntity<ScheduledFlight> viewAllScheduledFlightsbyAirport()
2021-06-02 08:42:51,973 INFO com.cg.flightmgmt.controller.UserController [http-nio-8082-exec-2] ResponseEntity<User> validateUser()
2021-06-02 08:42:51,979 INFO com.cg.flightmgmt.service.UserService [http-nio-8082-exec-2] User validateUser()
2021-06-02 08:42:51,993 WARN org.springframework.web.servlet.handler.AbstractHandlerExceptionResolver [http-nio-8082-exec-2] Resolved [com.cg.flightmgmt.exception.UserNotFoundException: Password does not match.]
2021-06-02 08:43:10,232 INFO com.cg.flightmgmt.controller.UserController [http-nio-8082-exec-7] ResponseEntity<User> validateUser()
2021-06-02 08:43:10,234 INFO com.cg.flightmgmt.service.UserService [http-nio-8082-exec-7] User validateUser()
2021-06-02 08:43:29,861 INFO com.cg.flightmgmt.controller.PassengerController [http-nio-8082-exec-9] ResponseEntity<List<Passenger>> getAllPassengers()
2021-06-02 08:43:29,865 INFO com.cg.flightmgmt.service.PassengerService [http-nio-8082-exec-9] List<Passenger> getAllPassengers()
2021-06-02 09:09:35,488 INFO com.cg.flightmgmt.controller.UserController [http-nio-8082-exec-1] ResponseEntity<User> validateUser()
2021-06-02 09:09:35,490 INFO com.cg.flightmgmt.service.UserService [http-nio-8082-exec-1] User validateUser()
2021-06-02 09:09:58,633 INFO com.cg.flightmgmt.controller.UserController [http-nio-8082-exec-4] ResponseEntity<List<User>> viewAllAirport()
2021-06-02 09:09:58,635 INFO com.cg.flightmgmt.service.UserService [http-nio-8082-exec-4] List<User> getAllUser()
2021-06-02 09:10:52,573 INFO com.cg.flightmgmt.controller.UserController [http-nio-8082-exec-3] ResponseEntity<User> validateUser()
2021-06-02 09:10:52,575 INFO com.cg.flightmgmt.service.UserService [http-nio-8082-exec-3] User validateUser()
2021-06-02 09:10:56,647 INFO com.cg.flightmgmt.controller.BookingController [http-nio-8082-exec-6] ResponseEntity<Booking> getAllBookings()
2021-06-02 09:10:56,653 INFO com.cg.flightmgmt.service.FlightBookingService [http-nio-8082-exec-6] List<Booking> getAllBookings()
2021-06-02 09:12:49,546 INFO com.cg.flightmgmt.controller.UserController [http-nio-8082-exec-8] ResponseEntity<User> validateUser()
2021-06-02 09:12:49,548 INFO com.cg.flightmgmt.service.UserService [http-nio-8082-exec-8] User validateUser()
2021-06-02 09:12:58,537 INFO com.cg.flightmgmt.controller.UserController [http-nio-8082-exec-7] ResponseEntity<List<User>> viewAllAirport()
2021-06-02 09:12:58,538 INFO com.cg.flightmgmt.service.UserService [http-nio-8082-exec-7] List<User> getAllUser()
2021-06-02 09:13:00,287 INFO com.cg.flightmgmt.controller.AirportController [http-nio-8082-exec-5] ResponseEntity<List<Airport>> viewAllAirports()
2021-06-02 09:13:00,293 INFO com.cg.flightmgmt.service.AirportService [http-nio-8082-exec-5] List<Airport> viewAirportList()
2021-06-02 09:13:04,657 INFO com.cg.flightmgmt.controller.FlightController [http-nio-8082-exec-9] ResponseEntity<Set<Flight>> viewAllFlights()
2021-06-02 09:13:04,660 INFO com.cg.flightmgmt.service.FlightService [http-nio-8082-exec-9] Set<Flight> viewAllFligts()
2021-06-02 09:13:05,839 INFO com.cg.flightmgmt.controller.ScheduledFlightController [http-nio-8082-exec-10] ResponseEntity<ScheduledFlight> viewAllScheduledFlight()
2021-06-02 09:13:05,840 INFO com.cg.flightmgmt.service.ScheduledFlightService [http-nio-8082-exec-10] List<ScheduledFlight> viewAllScheduledFlights()
2021-06-02 09:13:14,173 INFO com.cg.flightmgmt.controller.PassengerController [http-nio-8082-exec-1] ResponseEntity<List<Passenger>> getAllPassengers()
2021-06-02 09:13:14,174 INFO com.cg.flightmgmt.service.PassengerService [http-nio-8082-exec-1] List<Passenger> getAllPassengers()
2021-06-02 09:13:16,194 INFO com.cg.flightmgmt.controller.ScheduledFlightController [http-nio-8082-exec-4] ResponseEntity<ScheduledFlight> viewAllScheduledFlight()
2021-06-02 09:13:16,195 INFO com.cg.flightmgmt.service.ScheduledFlightService [http-nio-8082-exec-4] List<ScheduledFlight> viewAllScheduledFlights()
2021-06-02 09:17:15,270 INFO com.cg.flightmgmt.controller.UserController [http-nio-8082-exec-6] ResponseEntity<User> validateUser()
2021-06-02 09:17:15,272 INFO com.cg.flightmgmt.service.UserService [http-nio-8082-exec-6] User validateUser()
2021-06-02 09:18:54,158 INFO com.cg.flightmgmt.controller.UserController [http-nio-8082-exec-8] ResponseEntity<User> validateUser()
2021-06-02 09:18:54,159 INFO com.cg.flightmgmt.service.UserService [http-nio-8082-exec-8] User validateUser()
2021-06-02 09:19:10,964 INFO com.cg.flightmgmt.controller.UserController [http-nio-8082-exec-7] ResponseEntity<List<User>> viewAllAirport()
2021-06-02 09:19:10,966 INFO com.cg.flightmgmt.service.UserService [http-nio-8082-exec-7] List<User> getAllUser()
2021-06-02 09:19:11,697 INFO com.cg.flightmgmt.controller.ScheduleController [http-nio-8082-exec-5] ResponseEntity<List<Schedule>> getScheduleList()
2021-06-02 09:19:11,701 INFO com.cg.flightmgmt.service.ScheduleService [http-nio-8082-exec-5] List<Schedule> getAllSchedule()
2021-06-02 09:19:12,343 INFO com.cg.flightmgmt.controller.AirportController [http-nio-8082-exec-9] ResponseEntity<List<Airport>> viewAllAirports()
2021-06-02 09:19:12,345 INFO com.cg.flightmgmt.service.AirportService [http-nio-8082-exec-9] List<Airport> viewAirportList()
2021-06-02 09:19:13,843 INFO com.cg.flightmgmt.controller.ScheduledFlightController [http-nio-8082-exec-10] ResponseEntity<ScheduledFlight> viewAllScheduledFlight()
2021-06-02 09:19:13,845 INFO com.cg.flightmgmt.service.ScheduledFlightService [http-nio-8082-exec-10] List<ScheduledFlight> viewAllScheduledFlights()
2021-06-02 09:19:15,081 INFO com.cg.flightmgmt.controller.PassengerController [http-nio-8082-exec-1] ResponseEntity<List<Passenger>> getAllPassengers()
2021-06-02 09:19:15,083 INFO com.cg.flightmgmt.service.PassengerService [http-nio-8082-exec-1] List<Passenger> getAllPassengers()
2021-06-02 09:19:18,411 INFO com.cg.flightmgmt.controller.ScheduledFlightController [http-nio-8082-exec-4] ResponseEntity<ScheduledFlight> viewAllScheduledFlight()
2021-06-02 09:19:18,412 INFO com.cg.flightmgmt.service.ScheduledFlightService [http-nio-8082-exec-4] List<ScheduledFlight> viewAllScheduledFlights()
2021-06-02 09:19:27,846 INFO com.cg.flightmgmt.controller.AirportController [http-nio-8082-exec-3] ResponseEntity<List<Airport>> viewAllAirports()
2021-06-02 09:19:27,848 INFO com.cg.flightmgmt.service.AirportService [http-nio-8082-exec-3] List<Airport> viewAirportList()
2021-06-02 09:19:33,195 INFO com.cg.flightmgmt.controller.AirportController [http-nio-8082-exec-6] ResponseEntity<Airport> viewAirport()
2021-06-02 09:19:33,196 INFO com.cg.flightmgmt.service.AirportService [http-nio-8082-exec-6] Airport viewAirport()
2021-06-02 09:19:57,345 INFO com.cg.flightmgmt.controller.AirportController [http-nio-8082-exec-2] ResponseEntity<List<Airport>> viewAllAirports()
2021-06-02 09:19:57,346 INFO com.cg.flightmgmt.service.AirportService [http-nio-8082-exec-2] List<Airport> viewAirportList()
2021-06-02 09:27:40,225 INFO com.cg.flightmgmt.controller.UserController [http-nio-8082-exec-7] ResponseEntity<User> validateUser()
2021-06-02 09:27:40,227 INFO com.cg.flightmgmt.service.UserService [http-nio-8082-exec-7] User validateUser()
2021-06-02 09:28:41,113 INFO com.cg.flightmgmt.controller.UserController [http-nio-8082-exec-9] ResponseEntity<User> validateUser()
2021-06-02 09:28:41,114 INFO com.cg.flightmgmt.service.UserService [http-nio-8082-exec-9] User validateUser()
2021-06-02 09:33:49,917 INFO com.cg.flightmgmt.controller.UserController [http-nio-8082-exec-1] ResponseEntity<User> validateUser()
2021-06-02 09:33:49,919 INFO com.cg.flightmgmt.service.UserService [http-nio-8082-exec-1] User validateUser()
2021-06-02 09:34:10,478 INFO com.cg.flightmgmt.controller.UserController [http-nio-8082-exec-4] ResponseEntity<User> validateUser()
2021-06-02 09:34:10,479 INFO com.cg.flightmgmt.service.UserService [http-nio-8082-exec-4] User validateUser()
2021-06-02 09:36:42,477 INFO com.cg.flightmgmt.controller.UserController [http-nio-8082-exec-6] ResponseEntity<User> validateUser()
2021-06-02 09:36:42,478 INFO com.cg.flightmgmt.service.UserService [http-nio-8082-exec-6] User validateUser()
2021-06-02 09:36:45,113 INFO com.cg.flightmgmt.controller.FlightController [http-nio-8082-exec-2] ResponseEntity<Set<Flight>> viewAllFlights()
2021-06-02 09:36:45,114 INFO com.cg.flightmgmt.service.FlightService [http-nio-8082-exec-2] Set<Flight> viewAllFligts()
2021-06-02 09:36:45,728 INFO com.cg.flightmgmt.controller.AirportController [http-nio-8082-exec-8] ResponseEntity<List<Airport>> viewAllAirports()
2021-06-02 09:36:45,731 INFO com.cg.flightmgmt.service.AirportService [http-nio-8082-exec-8] List<Airport> viewAirportList()
2021-06-02 09:36:48,084 INFO com.cg.flightmgmt.controller.FlightController [http-nio-8082-exec-7] ResponseEntity<Set<Flight>> viewAllFlights()
2021-06-02 09:36:48,086 INFO com.cg.flightmgmt.service.FlightService [http-nio-8082-exec-7] Set<Flight> viewAllFligts()
2021-06-02 09:36:49,213 INFO com.cg.flightmgmt.controller.AirportController [http-nio-8082-exec-5] ResponseEntity<List<Airport>> viewAllAirports()
2021-06-02 09:36:49,214 INFO com.cg.flightmgmt.service.AirportService [http-nio-8082-exec-5] List<Airport> viewAirportList()
2021-06-02 09:36:50,997 INFO com.cg.flightmgmt.controller.FlightController [http-nio-8082-exec-9] ResponseEntity<Set<Flight>> viewAllFlights()
2021-06-02 09:36:50,998 INFO com.cg.flightmgmt.service.FlightService [http-nio-8082-exec-9] Set<Flight> viewAllFligts()
2021-06-02 09:37:28,652 INFO com.cg.flightmgmt.controller.AirportController [http-nio-8082-exec-10] ResponseEntity<List<Airport>> viewAllAirports()
2021-06-02 09:37:28,654 INFO com.cg.flightmgmt.service.AirportService [http-nio-8082-exec-10] List<Airport> viewAirportList()
2021-06-02 09:37:32,397 INFO com.cg.flightmgmt.controller.FlightController [http-nio-8082-exec-1] ResponseEntity<Set<Flight>> viewAllFlights()
2021-06-02 09:37:32,398 INFO com.cg.flightmgmt.service.FlightService [http-nio-8082-exec-1] Set<Flight> viewAllFligts()
2021-06-02 09:38:10,990 INFO com.cg.flightmgmt.controller.UserController [http-nio-8082-exec-4] ResponseEntity<User> validateUser()
2021-06-02 09:38:10,991 INFO com.cg.flightmgmt.service.UserService [http-nio-8082-exec-4] User validateUser()
2021-06-02 09:38:10,995 WARN org.springframework.web.servlet.handler.AbstractHandlerExceptionResolver [http-nio-8082-exec-4] Resolved [com.cg.flightmgmt.exception.UserNotFoundException: Password does not match.]
2021-06-02 09:38:18,404 INFO com.cg.flightmgmt.controller.UserController [http-nio-8082-exec-3] ResponseEntity<User> validateUser()
2021-06-02 09:38:18,405 INFO com.cg.flightmgmt.service.UserService [http-nio-8082-exec-3] User validateUser()
2021-06-02 09:38:51,018 INFO com.cg.flightmgmt.controller.UserController [http-nio-8082-exec-6] ResponseEntity<User> validateUser()
2021-06-02 09:38:51,019 INFO com.cg.flightmgmt.service.UserService [http-nio-8082-exec-6] User validateUser()
2021-06-02 09:38:56,163 INFO com.cg.flightmgmt.controller.FlightController [http-nio-8082-exec-2] ResponseEntity<Set<Flight>> viewAllFlights()
2021-06-02 09:38:56,164 INFO com.cg.flightmgmt.service.FlightService [http-nio-8082-exec-2] Set<Flight> viewAllFligts()
2021-06-02 09:38:58,861 INFO com.cg.flightmgmt.controller.AirportController [http-nio-8082-exec-8] ResponseEntity<List<Airport>> viewAllAirports()
2021-06-02 09:38:58,862 INFO com.cg.flightmgmt.service.AirportService [http-nio-8082-exec-8] List<Airport> viewAirportList()
2021-06-02 09:39:00,229 INFO com.cg.flightmgmt.controller.FlightController [http-nio-8082-exec-7] ResponseEntity<Set<Flight>> viewAllFlights()
2021-06-02 09:39:00,230 INFO com.cg.flightmgmt.service.FlightService [http-nio-8082-exec-7] Set<Flight> viewAllFligts()
2021-06-02 09:39:01,331 INFO com.cg.flightmgmt.controller.AirportController [http-nio-8082-exec-5] ResponseEntity<List<Airport>> viewAllAirports()
2021-06-02 09:39:01,332 INFO com.cg.flightmgmt.service.AirportService [http-nio-8082-exec-5] List<Airport> viewAirportList()
2021-06-02 09:39:05,599 INFO com.cg.flightmgmt.controller.FlightController [http-nio-8082-exec-9] ResponseEntity<Set<Flight>> viewAllFlights()
2021-06-02 09:39:05,600 INFO com.cg.flightmgmt.service.FlightService [http-nio-8082-exec-9] Set<Flight> viewAllFligts()
2021-06-02 09:39:06,327 INFO com.cg.flightmgmt.controller.AirportController [http-nio-8082-exec-10] ResponseEntity<List<Airport>> viewAllAirports()
2021-06-02 09:39:06,328 INFO com.cg.flightmgmt.service.AirportService [http-nio-8082-exec-10] List<Airport> viewAirportList()
2021-06-02 09:39:06,995 INFO com.cg.flightmgmt.controller.FlightController [http-nio-8082-exec-1] ResponseEntity<Set<Flight>> viewAllFlights()
2021-06-02 09:39:06,998 INFO com.cg.flightmgmt.service.FlightService [http-nio-8082-exec-1] Set<Flight> viewAllFligts()
2021-06-02 09:39:21,705 INFO com.cg.flightmgmt.controller.FlightController [http-nio-8082-exec-4] ResponseEntity<Set<Flight>> viewAllFlights()
2021-06-02 09:39:21,707 INFO com.cg.flightmgmt.service.FlightService [http-nio-8082-exec-4] Set<Flight> viewAllFligts()
2021-06-02 09:39:23,791 INFO com.cg.flightmgmt.controller.AirportController [http-nio-8082-exec-3] ResponseEntity<List<Airport>> viewAllAirports()
2021-06-02 09:39:23,792 INFO com.cg.flightmgmt.service.AirportService [http-nio-8082-exec-3] List<Airport> viewAirportList()
2021-06-02 09:40:38,806 INFO com.cg.flightmgmt.controller.UserController [http-nio-8082-exec-2] ResponseEntity<User> validateUser()
2021-06-02 09:40:38,808 INFO com.cg.flightmgmt.service.UserService [http-nio-8082-exec-2] User validateUser()
2021-06-02 09:40:43,068 INFO com.cg.flightmgmt.controller.AirportController [http-nio-8082-exec-8] ResponseEntity<List<Airport>> viewAllAirports()
2021-06-02 09:40:43,069 INFO com.cg.flightmgmt.service.AirportService [http-nio-8082-exec-8] List<Airport> viewAirportList()
2021-06-02 09:40:53,927 INFO com.cg.flightmgmt.controller.FlightController [http-nio-8082-exec-7] ResponseEntity<Set<Flight>> viewAllFlights()
2021-06-02 09:40:53,929 INFO com.cg.flightmgmt.service.FlightService [http-nio-8082-exec-7] Set<Flight> viewAllFligts()
2021-06-02 09:40:57,142 INFO com.cg.flightmgmt.controller.AirportController [http-nio-8082-exec-5] ResponseEntity<List<Airport>> viewAllAirports()
2021-06-02 09:40:57,143 INFO com.cg.flightmgmt.service.AirportService [http-nio-8082-exec-5] List<Airport> viewAirportList()
2021-06-02 09:41:46,413 INFO com.cg.flightmgmt.controller.UserController [http-nio-8082-exec-10] ResponseEntity<User> validateUser()
2021-06-02 09:41:46,414 INFO com.cg.flightmgmt.service.UserService [http-nio-8082-exec-10] User validateUser()
2021-06-02 09:41:51,316 INFO com.cg.flightmgmt.controller.FlightController [http-nio-8082-exec-4] ResponseEntity<Set<Flight>> viewAllFlights()
2021-06-02 09:41:51,317 INFO com.cg.flightmgmt.service.FlightService [http-nio-8082-exec-4] Set<Flight> viewAllFligts()
2021-06-02 09:41:52,463 INFO com.cg.flightmgmt.controller.AirportController [http-nio-8082-exec-3] ResponseEntity<List<Airport>> viewAllAirports()
2021-06-02 09:41:52,464 INFO com.cg.flightmgmt.service.AirportService [http-nio-8082-exec-3] List<Airport> viewAirportList()
2021-06-02 09:42:27,937 INFO com.cg.flightmgmt.controller.UserController [http-nio-8082-exec-2] ResponseEntity<User> validateUser()
2021-06-02 09:42:27,939 INFO com.cg.flightmgmt.service.UserService [http-nio-8082-exec-2] User validateUser()
2021-06-02 09:42:50,986 INFO com.cg.flightmgmt.controller.UserController [http-nio-8082-exec-7] ResponseEntity<List<User>> viewAllAirport()
2021-06-02 09:42:50,989 INFO com.cg.flightmgmt.service.UserService [http-nio-8082-exec-7] List<User> getAllUser()
2021-06-02 09:42:51,852 INFO com.cg.flightmgmt.controller.ScheduleController [http-nio-8082-exec-5] ResponseEntity<List<Schedule>> getScheduleList()
2021-06-02 09:42:51,853 INFO com.cg.flightmgmt.service.ScheduleService [http-nio-8082-exec-5] List<Schedule> getAllSchedule()
2021-06-02 09:42:52,885 INFO com.cg.flightmgmt.controller.AirportController [http-nio-8082-exec-9] ResponseEntity<List<Airport>> viewAllAirports()
2021-06-02 09:42:52,886 INFO com.cg.flightmgmt.service.AirportService [http-nio-8082-exec-9] List<Airport> viewAirportList()
2021-06-02 09:42:53,704 INFO com.cg.flightmgmt.controller.FlightController [http-nio-8082-exec-10] ResponseEntity<Set<Flight>> viewAllFlights()
2021-06-02 09:42:53,706 INFO com.cg.flightmgmt.service.FlightService [http-nio-8082-exec-10] Set<Flight> viewAllFligts()
2021-06-02 09:42:57,093 INFO com.cg.flightmgmt.controller.PassengerController [http-nio-8082-exec-4] ResponseEntity<List<Passenger>> getAllPassengers()
2021-06-02 09:42:57,095 INFO com.cg.flightmgmt.service.PassengerService [http-nio-8082-exec-4] List<Passenger> getAllPassengers()
2021-06-02 09:43:06,712 INFO com.cg.flightmgmt.controller.AirportController [http-nio-8082-exec-3] ResponseEntity<List<Airport>> viewAllAirports()
2021-06-02 09:43:06,713 INFO com.cg.flightmgmt.service.AirportService [http-nio-8082-exec-3] List<Airport> viewAirportList()
2021-06-02 09:43:11,828 INFO com.cg.flightmgmt.controller.PassengerController [http-nio-8082-exec-2] ResponseEntity<List<Passenger>> getAllPassengers()
2021-06-02 09:43:11,829 INFO com.cg.flightmgmt.service.PassengerService [http-nio-8082-exec-2] List<Passenger> getAllPassengers()
2021-06-02 11:32:12,031 INFO com.cg.flightmgmt.controller.ScheduledFlightController [http-nio-8082-exec-7] ResponseEntity<ScheduledFlight> viewAllScheduledFlightsbyAirport()
2021-06-02 11:32:38,323 INFO com.cg.flightmgmt.controller.ScheduledFlightController [http-nio-8082-exec-5] ResponseEntity<ScheduledFlight> viewAllScheduledFlightsbyAirport()
2021-06-02 11:35:55,155 INFO com.cg.flightmgmt.controller.UserController [http-nio-8082-exec-10] ResponseEntity<User> validateUser()
2021-06-02 11:35:55,156 INFO com.cg.flightmgmt.service.UserService [http-nio-8082-exec-10] User validateUser()
2021-06-02 11:36:17,829 INFO com.cg.flightmgmt.controller.UserController [http-nio-8082-exec-1] ResponseEntity<List<User>> viewAllAirport()
2021-06-02 11:36:17,832 INFO com.cg.flightmgmt.service.UserService [http-nio-8082-exec-1] List<User> getAllUser()
2021-06-02 11:36:20,499 INFO com.cg.flightmgmt.controller.ScheduleController [http-nio-8082-exec-4] ResponseEntity<List<Schedule>> getScheduleList()
2021-06-02 11:36:20,502 INFO com.cg.flightmgmt.service.ScheduleService [http-nio-8082-exec-4] List<Schedule> getAllSchedule()
2021-06-02 11:36:21,166 INFO com.cg.flightmgmt.controller.AirportController [http-nio-8082-exec-3] ResponseEntity<List<Airport>> viewAllAirports()
2021-06-02 11:36:21,168 INFO com.cg.flightmgmt.service.AirportService [http-nio-8082-exec-3] List<Airport> viewAirportList()
2021-06-02 11:36:22,115 INFO com.cg.flightmgmt.controller.FlightController [http-nio-8082-exec-6] ResponseEntity<Set<Flight>> viewAllFlights()
2021-06-02 11:36:22,117 INFO com.cg.flightmgmt.service.FlightService [http-nio-8082-exec-6] Set<Flight> viewAllFligts()
2021-06-02 11:36:22,868 INFO com.cg.flightmgmt.controller.ScheduledFlightController [http-nio-8082-exec-2] ResponseEntity<ScheduledFlight> viewAllScheduledFlight()
2021-06-02 11:36:22,869 INFO com.cg.flightmgmt.service.ScheduledFlightService [http-nio-8082-exec-2] List<ScheduledFlight> viewAllScheduledFlights()
2021-06-02 11:36:23,582 INFO com.cg.flightmgmt.controller.PassengerController [http-nio-8082-exec-8] ResponseEntity<List<Passenger>> getAllPassengers()
2021-06-02 11:36:23,585 INFO com.cg.flightmgmt.service.PassengerService [http-nio-8082-exec-8] List<Passenger> getAllPassengers()
2021-06-02 11:37:12,252 INFO com.cg.flightmgmt.controller.ScheduledFlightController [http-nio-8082-exec-7] ResponseEntity<ScheduledFlight> viewAllScheduledFlight()
2021-06-02 11:37:12,253 INFO com.cg.flightmgmt.service.ScheduledFlightService [http-nio-8082-exec-7] List<ScheduledFlight> viewAllScheduledFlights()
2021-06-02 11:37:14,237 INFO com.cg.flightmgmt.controller.PassengerController [http-nio-8082-exec-5] ResponseEntity<List<Passenger>> getAllPassengers()
2021-06-02 11:37:14,238 INFO com.cg.flightmgmt.service.PassengerService [http-nio-8082-exec-5] List<Passenger> getAllPassengers()
2021-06-02 11:38:26,434 INFO com.cg.flightmgmt.controller.UserController [http-nio-8082-exec-10] ResponseEntity<User> validateUser()
2021-06-02 11:38:26,435 INFO com.cg.flightmgmt.service.UserService [http-nio-8082-exec-10] User validateUser()
2021-06-02 11:38:30,331 INFO com.cg.flightmgmt.controller.BookingController [http-nio-8082-exec-1] ResponseEntity<Booking> getAllBookings()
2021-06-02 11:38:30,333 INFO com.cg.flightmgmt.service.FlightBookingService [http-nio-8082-exec-1] List<Booking> getAllBookings()
2021-06-02 11:39:21,851 INFO com.cg.flightmgmt.controller.ScheduleController [http-nio-8082-exec-4] ResponseEntity<List<Schedule>> getScheduleList()
2021-06-02 11:39:21,852 INFO com.cg.flightmgmt.service.ScheduleService [http-nio-8082-exec-4] List<Schedule> getAllSchedule()
2021-06-02 11:39:24,117 INFO com.cg.flightmgmt.controller.UserController [http-nio-8082-exec-3] ResponseEntity<List<User>> viewAllAirport()
2021-06-02 11:39:24,118 INFO com.cg.flightmgmt.service.UserService [http-nio-8082-exec-3] List<User> getAllUser()
2021-06-02 11:39:25,863 INFO com.cg.flightmgmt.controller.ScheduleController [http-nio-8082-exec-6] ResponseEntity<List<Schedule>> getScheduleList()
2021-06-02 11:39:25,864 INFO com.cg.flightmgmt.service.ScheduleService [http-nio-8082-exec-6] List<Schedule> getAllSchedule()
2021-06-02 11:39:27,352 INFO com.cg.flightmgmt.controller.AirportController [http-nio-8082-exec-2] ResponseEntity<List<Airport>> viewAllAirports()
2021-06-02 11:39:27,353 INFO com.cg.flightmgmt.service.AirportService [http-nio-8082-exec-2] List<Airport> viewAirportList()
2021-06-02 11:39:33,771 INFO com.cg.flightmgmt.controller.FlightController [http-nio-8082-exec-8] ResponseEntity<Set<Flight>> viewAllFlights()
2021-06-02 11:39:33,773 INFO com.cg.flightmgmt.service.FlightService [http-nio-8082-exec-8] Set<Flight> viewAllFligts()
2021-06-02 11:39:38,149 INFO com.cg.flightmgmt.controller.FlightController [http-nio-8082-exec-7] ResponseEntity<Set<Flight>> viewAllFlights()
2021-06-02 11:39:38,150 INFO com.cg.flightmgmt.service.FlightService [http-nio-8082-exec-7] Set<Flight> viewAllFligts()
2021-06-02 11:39:44,243 INFO com.cg.flightmgmt.controller.FlightController [http-nio-8082-exec-5] ResponseEntity<Set<Flight>> viewAllFlights()
2021-06-02 11:39:44,244 INFO com.cg.flightmgmt.service.FlightService [http-nio-8082-exec-5] Set<Flight> viewAllFligts()
2021-06-02 11:39:47,933 INFO com.cg.flightmgmt.controller.FlightController [http-nio-8082-exec-9] ResponseEntity<Set<Flight>> viewAllFlights()
2021-06-02 11:39:47,934 INFO com.cg.flightmgmt.service.FlightService [http-nio-8082-exec-9] Set<Flight> viewAllFligts()
2021-06-02 11:40:06,102 INFO com.cg.flightmgmt.controller.UserController [http-nio-8082-exec-10] ResponseEntity<User> validateUser()
2021-06-02 11:40:06,103 INFO com.cg.flightmgmt.service.UserService [http-nio-8082-exec-10] User validateUser()
2021-06-02 11:40:09,834 INFO com.cg.flightmgmt.controller.FlightController [http-nio-8082-exec-1] ResponseEntity<Set<Flight>> viewAllFlights()
2021-06-02 11:40:09,835 INFO com.cg.flightmgmt.service.FlightService [http-nio-8082-exec-1] Set<Flight> viewAllFligts()
2021-06-02 11:40:11,320 INFO com.cg.flightmgmt.controller.ScheduledFlightController [http-nio-8082-exec-4] ResponseEntity<ScheduledFlight> viewAllScheduledFlight()
2021-06-02 11:40:11,320 INFO com.cg.flightmgmt.service.ScheduledFlightService [http-nio-8082-exec-4] List<ScheduledFlight> viewAllScheduledFlights()
2021-06-02 11:40:31,889 INFO com.cg.flightmgmt.controller.ScheduleController [http-nio-8082-exec-3] ResponseEntity<List<Schedule>> getScheduleList()
2021-06-02 11:40:31,891 INFO com.cg.flightmgmt.service.ScheduleService [http-nio-8082-exec-3] List<Schedule> getAllSchedule()
2021-06-02 11:40:37,463 INFO com.cg.flightmgmt.controller.PassengerController [http-nio-8082-exec-6] ResponseEntity<List<Passenger>> getAllPassengers()
2021-06-02 11:40:37,464 INFO com.cg.flightmgmt.service.PassengerService [http-nio-8082-exec-6] List<Passenger> getAllPassengers()
2021-06-02 11:40:38,013 INFO com.cg.flightmgmt.controller.BookingController [http-nio-8082-exec-2] ResponseEntity<Booking> getAllBookings()
2021-06-02 11:40:38,015 INFO com.cg.flightmgmt.service.FlightBookingService [http-nio-8082-exec-2] List<Booking> getAllBookings()
2021-06-02 11:40:47,001 INFO com.cg.flightmgmt.controller.PassengerController [http-nio-8082-exec-8] ResponseEntity<List<Passenger>> getAllPassengers()
2021-06-02 11:40:47,002 INFO com.cg.flightmgmt.service.PassengerService [http-nio-8082-exec-8] List<Passenger> getAllPassengers()
2021-06-02 11:40:47,635 INFO com.cg.flightmgmt.controller.ScheduleController [http-nio-8082-exec-7] ResponseEntity<List<Schedule>> getScheduleList()
2021-06-02 11:40:47,636 INFO com.cg.flightmgmt.service.ScheduleService [http-nio-8082-exec-7] List<Schedule> getAllSchedule()
2021-06-02 11:40:48,240 INFO com.cg.flightmgmt.controller.ScheduledFlightController [http-nio-8082-exec-5] ResponseEntity<ScheduledFlight> viewAllScheduledFlight()
2021-06-02 11:40:48,241 INFO com.cg.flightmgmt.service.ScheduledFlightService [http-nio-8082-exec-5] List<ScheduledFlight> viewAllScheduledFlights()
2021-06-02 11:41:03,222 INFO com.cg.flightmgmt.controller.ScheduledFlightController [http-nio-8082-exec-9] ResponseEntity<ScheduledFlight> viewAllScheduledFlightsbyAirport()
2021-06-02 11:41:10,168 INFO com.cg.flightmgmt.controller.ScheduledFlightController [http-nio-8082-exec-10] ResponseEntity<ScheduledFlight> viewAllScheduledFlightsbyAirport()
2021-06-02 12:49:11,343 INFO com.cg.flightmgmt.controller.UserController [http-nio-8082-exec-4] ResponseEntity<User> validateUser()
2021-06-02 12:49:11,350 INFO com.cg.flightmgmt.service.UserService [http-nio-8082-exec-4] User validateUser()
2021-06-02 12:50:08,483 INFO com.cg.flightmgmt.controller.UserController [http-nio-8082-exec-3] ResponseEntity<User> validateUser()
2021-06-02 12:50:08,484 INFO com.cg.flightmgmt.service.UserService [http-nio-8082-exec-3] User validateUser()
2021-06-02 12:50:08,494 WARN org.springframework.web.servlet.handler.AbstractHandlerExceptionResolver [http-nio-8082-exec-3] Resolved [com.cg.flightmgmt.exception.UserNotFoundException: Password does not match.]
2021-06-02 12:50:15,144 INFO com.cg.flightmgmt.controller.UserController [http-nio-8082-exec-6] ResponseEntity<User> validateUser()
2021-06-02 12:50:15,145 INFO com.cg.flightmgmt.service.UserService [http-nio-8082-exec-6] User validateUser()
2021-06-02 12:50:46,336 INFO com.cg.flightmgmt.controller.ScheduledFlightController [http-nio-8082-exec-2] ResponseEntity<ScheduledFlight> viewAllScheduledFlightsbyAirport()
2021-06-02 12:58:18,130 INFO com.cg.flightmgmt.controller.UserController [http-nio-8082-exec-7] ResponseEntity<User> validateUser()
2021-06-02 12:58:18,132 INFO com.cg.flightmgmt.service.UserService [http-nio-8082-exec-7] User validateUser()
2021-06-02 12:58:44,297 INFO com.cg.flightmgmt.controller.ScheduledFlightController [http-nio-8082-exec-5] ResponseEntity<ScheduledFlight> viewAllScheduledFlightsbyAirport()
2021-06-02 12:59:06,474 INFO com.cg.flightmgmt.controller.UserController [http-nio-8082-exec-9] ResponseEntity<User> validateUser()
2021-06-02 12:59:06,475 INFO com.cg.flightmgmt.service.UserService [http-nio-8082-exec-9] User validateUser()
2021-06-02 13:57:56,700 WARN com.zaxxer.hikari.pool.HikariPool$HouseKeeper [HikariPool-1 housekeeper] HikariPool-1 - Thread starvation or clock leap detected (housekeeper delta=56m57s996ms26µs).
2021-06-02 13:58:22,829 INFO org.springframework.boot.admin.SpringApplicationAdminMXBeanRegistrar$SpringApplicationAdmin [RMI TCP Connection(280)-127.0.0.1] Application shutdown requested.
2021-06-02 13:58:22,965 INFO org.springframework.scheduling.concurrent.ExecutorConfigurationSupport [RMI TCP Connection(280)-127.0.0.1] Shutting down ExecutorService 'applicationTaskExecutor'
2021-06-02 13:58:22,972 INFO org.springframework.orm.jpa.AbstractEntityManagerFactoryBean [RMI TCP Connection(280)-127.0.0.1] Closing JPA EntityManagerFactory for persistence unit 'default'
2021-06-02 13:58:22,994 INFO com.zaxxer.hikari.HikariDataSource [RMI TCP Connection(280)-127.0.0.1] HikariPool-1 - Shutdown initiated...
2021-06-02 13:58:23,001 INFO com.zaxxer.hikari.HikariDataSource [RMI TCP Connection(280)-127.0.0.1] HikariPool-1 - Shutdown completed.
2021-06-02 15:33:12,084 INFO org.hibernate.validator.internal.util.Version [background-preinit] HV000001: Hibernate Validator 6.1.7.Final
2021-06-02 15:33:12,085 INFO org.springframework.boot.StartupInfoLogger [restartedMain] Starting FlightManagementApplication using Java 15.0.2 on GNANI with PID 3948 (C:\Users\Gnanesh\eclipse-workspace\Flight-Management-Application\target\classes started by Gnanesh in C:\Users\Gnanesh\eclipse-workspace\Flight-Management-Application)
2021-06-02 15:33:12,087 INFO org.springframework.boot.SpringApplication [restartedMain] No active profile set, falling back to default profiles: default
2021-06-02 15:33:12,126 INFO org.springframework.boot.logging.DeferredLog [restartedMain] The Class-Path manifest attribute in C:\Users\Gnanesh\.m2\repository\com\oracle\database\jdbc\ojdbc8\19.8.0.0\ojdbc8-19.8.0.0.jar referenced one or more files that do not exist: file:/C:/Users/Gnanesh/.m2/repository/com/oracle/database/jdbc/ojdbc8/19.8.0.0/oraclepki.jar
2021-06-02 15:33:12,127 INFO org.springframework.boot.logging.DeferredLog [restartedMain] Devtools property defaults active! Set 'spring.devtools.add-properties' to 'false' to disable
2021-06-02 15:33:12,127 INFO org.springframework.boot.logging.DeferredLog [restartedMain] For additional web related logging consider setting the 'logging.level.web' property to 'DEBUG'
2021-06-02 15:33:12,833 INFO org.springframework.data.repository.config.RepositoryConfigurationDelegate [restartedMain] Bootstrapping Spring Data JPA repositories in DEFAULT mode.
2021-06-02 15:33:12,896 INFO org.springframework.data.repository.config.RepositoryConfigurationDelegate [restartedMain] Finished Spring Data repository scanning in 55 ms. Found 7 JPA repository interfaces.
2021-06-02 15:33:13,408 INFO org.springframework.boot.web.embedded.tomcat.TomcatWebServer [restartedMain] Tomcat initialized with port(s): 8082 (http)
2021-06-02 15:33:13,417 INFO org.apache.juli.logging.DirectJDKLog [restartedMain] Initializing ProtocolHandler ["http-nio-8082"]
2021-06-02 15:33:13,418 INFO org.apache.juli.logging.DirectJDKLog [restartedMain] Starting service [Tomcat]
2021-06-02 15:33:13,418 INFO org.apache.juli.logging.DirectJDKLog [restartedMain] Starting Servlet engine: [Apache Tomcat/9.0.45]
2021-06-02 15:33:13,488 INFO org.apache.juli.logging.DirectJDKLog [restartedMain] Initializing Spring embedded WebApplicationContext
2021-06-02 15:33:13,489 INFO org.springframework.boot.web.servlet.context.ServletWebServerApplicationContext [restartedMain] Root WebApplicationContext: initialization completed in 1362 ms
2021-06-02 15:33:13,687 INFO org.hibernate.jpa.internal.util.LogHelper [restartedMain] HHH000204: Processing PersistenceUnitInfo [name: default]
2021-06-02 15:33:13,749 INFO org.hibernate.Version [restartedMain] HHH000412: Hibernate ORM core version 5.4.30.Final
2021-06-02 15:33:13,896 INFO org.hibernate.annotations.common.reflection.java.JavaReflectionManager [restartedMain] HCANN000001: Hibernate Commons Annotations {5.1.2.Final}
2021-06-02 15:33:13,992 INFO com.zaxxer.hikari.HikariDataSource [restartedMain] HikariPool-1 - Starting...
2021-06-02 15:33:13,996 WARN com.zaxxer.hikari.util.DriverDataSource [restartedMain] Registered driver with driverClassName=oracle.jdbc.driver.OracleDriver was not found, trying direct instantiation.
2021-06-02 15:33:14,191 INFO com.zaxxer.hikari.HikariDataSource [restartedMain] HikariPool-1 - Start completed.
2021-06-02 15:33:14,207 INFO org.hibernate.dialect.Dialect [restartedMain] HHH000400: Using dialect: org.hibernate.dialect.Oracle10gDialect
2021-06-02 15:33:15,048 INFO org.hibernate.engine.transaction.jta.platform.internal.JtaPlatformInitiator [restartedMain] HHH000490: Using JtaPlatform implementation: [org.hibernate.engine.transaction.jta.platform.internal.NoJtaPlatform]
2021-06-02 15:33:15,056 INFO org.springframework.orm.jpa.AbstractEntityManagerFactoryBean [restartedMain] Initialized JPA EntityManagerFactory for persistence unit 'default'
2021-06-02 15:33:15,082 INFO org.springframework.boot.devtools.autoconfigure.OptionalLiveReloadServer [restartedMain] LiveReload server is running on port 35729
2021-06-02 15:33:15,821 WARN org.springframework.boot.autoconfigure.orm.jpa.JpaBaseConfiguration$JpaWebConfiguration [restartedMain] spring.jpa.open-in-view is enabled by default. Therefore, database queries may be performed during view rendering. Explicitly configure spring.jpa.open-in-view to disable this warning
2021-06-02 15:33:15,928 INFO springfox.documentation.spring.web.PropertySourcedRequestMappingHandlerMapping [restartedMain] Mapped URL path [/v2/api-docs] onto method [springfox.documentation.swagger2.web.Swagger2Controller#getDocumentation(String, HttpServletRequest)]
2021-06-02 15:33:15,994 INFO org.springframework.scheduling.concurrent.ExecutorConfigurationSupport [restartedMain] Initializing ExecutorService 'applicationTaskExecutor'
2021-06-02 15:33:16,122 INFO org.apache.juli.logging.DirectJDKLog [restartedMain] Starting ProtocolHandler ["http-nio-8082"]
2021-06-02 15:33:16,143 INFO org.springframework.boot.web.embedded.tomcat.TomcatWebServer [restartedMain] Tomcat started on port(s): 8082 (http) with context path ''
2021-06-02 15:33:16,144 INFO springfox.documentation.spring.web.plugins.DocumentationPluginsBootstrapper [restartedMain] Context refreshed
2021-06-02 15:33:16,163 INFO springfox.documentation.spring.web.plugins.DocumentationPluginsBootstrapper [restartedMain] Found 1 custom documentation plugin(s)
2021-06-02 15:33:16,220 INFO springfox.documentation.spring.web.scanners.ApiListingReferenceScanner [restartedMain] Scanning for api listing references
2021-06-02 15:33:16,485 INFO org.springframework.boot.StartupInfoLogger [restartedMain] Started FlightManagementApplication in 4.754 seconds (JVM running for 5.51)
2021-06-02 15:33:43,799 INFO org.apache.juli.logging.DirectJDKLog [http-nio-8082-exec-1] Initializing Spring DispatcherServlet 'dispatcherServlet'
2021-06-02 15:33:43,799 INFO org.springframework.web.servlet.FrameworkServlet [http-nio-8082-exec-1] Initializing Servlet 'dispatcherServlet'
2021-06-02 15:33:43,800 INFO org.springframework.web.servlet.FrameworkServlet [http-nio-8082-exec-1] Completed initialization in 1 ms
2021-06-02 15:33:43,839 INFO com.cg.flightmgmt.controller.ScheduledFlightController [http-nio-8082-exec-1] ResponseEntity<ScheduledFlight> viewAllScheduledFlightsbyAirport()
2021-06-02 15:33:58,174 INFO com.cg.flightmgmt.controller.UserController [http-nio-8082-exec-3] ResponseEntity<User> validateUser()
2021-06-02 15:33:58,181 INFO com.cg.flightmgmt.service.UserService [http-nio-8082-exec-3] User validateUser()
2021-06-02 15:34:14,234 INFO com.cg.flightmgmt.controller.ScheduledFlightController [http-nio-8082-exec-5] ResponseEntity<ScheduledFlight> viewAllScheduledFlightsbyAirport()
2021-06-02 15:36:56,537 INFO com.cg.flightmgmt.controller.ScheduledFlightController [http-nio-8082-exec-7] ResponseEntity<ScheduledFlight> viewAllScheduledFlightsbyAirport()
2021-06-02 15:37:07,109 INFO com.cg.flightmgmt.controller.UserController [http-nio-8082-exec-9] ResponseEntity<User> validateUser()
2021-06-02 15:37:07,112 INFO com.cg.flightmgmt.service.UserService [http-nio-8082-exec-9] User validateUser()
2021-06-02 15:37:51,223 INFO com.cg.flightmgmt.controller.ScheduledFlightController [http-nio-8082-exec-1] ResponseEntity<ScheduledFlight> viewAllScheduledFlightsbyAirport()
2021-06-02 15:38:11,113 INFO com.cg.flightmgmt.controller.ScheduledFlightController [http-nio-8082-exec-3] ResponseEntity<ScheduledFlight> viewAllScheduledFlightsbyAirport()
2021-06-02 15:43:47,828 INFO com.cg.flightmgmt.controller.FlightController [http-nio-8082-exec-5] ResponseEntity<Set<Flight>> viewAllFlights()
2021-06-02 15:43:47,834 INFO com.cg.flightmgmt.service.FlightService [http-nio-8082-exec-5] Set<Flight> viewAllFligts()
2021-06-02 15:43:55,486 INFO com.cg.flightmgmt.controller.FlightController [http-nio-8082-exec-6] ResponseEntity<Flight> viewFlight()
2021-06-02 15:43:55,488 INFO com.cg.flightmgmt.service.FlightService [http-nio-8082-exec-6] Flight viewFlight()
2021-06-02 15:44:27,658 INFO com.cg.flightmgmt.controller.ScheduledFlightController [http-nio-8082-exec-7] ResponseEntity<ScheduledFlight> viewAllScheduledFlightsbyAirport()
2021-06-02 16:41:01,231 INFO com.cg.flightmgmt.controller.UserController [http-nio-8082-exec-8] ResponseEntity<User> validateUser()
2021-06-02 16:41:01,236 INFO com.cg.flightmgmt.service.UserService [http-nio-8082-exec-8] User validateUser()
2021-06-02 16:41:12,462 INFO com.cg.flightmgmt.controller.ScheduledFlightController [http-nio-8082-exec-3] ResponseEntity<ScheduledFlight> viewAllScheduledFlightsbyAirport()
2021-06-02 16:41:15,513 INFO com.cg.flightmgmt.controller.ScheduledFlightController [http-nio-8082-exec-4] ResponseEntity<ScheduledFlight> viewScheduledFlightById()
2021-06-02 16:41:15,515 INFO com.cg.flightmgmt.service.ScheduledFlightService [http-nio-8082-exec-4] ScheduledFlight viewFlightSchedule()
2021-06-02 16:42:05,283 INFO com.cg.flightmgmt.controller.ScheduledFlightController [http-nio-8082-exec-5] ResponseEntity<ScheduledFlight> viewAllScheduledFlightsbyAirport()
2021-06-02 16:42:16,824 INFO com.cg.flightmgmt.controller.ScheduledFlightController [http-nio-8082-exec-10] ResponseEntity<ScheduledFlight> viewScheduledFlightById()
2021-06-02 16:42:16,826 INFO com.cg.flightmgmt.service.ScheduledFlightService [http-nio-8082-exec-10] ScheduledFlight viewFlightSchedule()
2021-06-02 17:13:47,446 INFO com.cg.flightmgmt.controller.UserController [http-nio-8082-exec-7] ResponseEntity<User> validateUser()
2021-06-02 17:13:47,448 INFO com.cg.flightmgmt.service.UserService [http-nio-8082-exec-7] User validateUser()
2021-06-02 17:14:23,779 INFO com.cg.flightmgmt.controller.UserController [http-nio-8082-exec-1] ResponseEntity<User> validateUser()
2021-06-02 17:14:23,781 INFO com.cg.flightmgmt.service.UserService [http-nio-8082-exec-1] User validateUser()
2021-06-02 17:14:33,434 INFO com.cg.flightmgmt.controller.UserController [http-nio-8082-exec-8] ResponseEntity<List<User>> viewAllAirport()
2021-06-02 17:14:33,438 INFO com.cg.flightmgmt.service.UserService [http-nio-8082-exec-8] List<User> getAllUser()
2021-06-02 17:14:35,676 INFO com.cg.flightmgmt.controller.ScheduleController [http-nio-8082-exec-3] ResponseEntity<List<Schedule>> getScheduleList()
2021-06-02 17:14:35,706 INFO com.cg.flightmgmt.service.ScheduleService [http-nio-8082-exec-3] List<Schedule> getAllSchedule()
2021-06-02 17:14:36,457 INFO com.cg.flightmgmt.controller.AirportController [http-nio-8082-exec-4] ResponseEntity<List<Airport>> viewAllAirports()
2021-06-02 17:14:36,465 INFO com.cg.flightmgmt.service.AirportService [http-nio-8082-exec-4] List<Airport> viewAirportList()
2021-06-02 17:14:37,604 INFO com.cg.flightmgmt.controller.FlightController [http-nio-8082-exec-2] ResponseEntity<Set<Flight>> viewAllFlights()
2021-06-02 17:14:37,606 INFO com.cg.flightmgmt.service.FlightService [http-nio-8082-exec-2] Set<Flight> viewAllFligts()
2021-06-02 17:14:38,134 INFO com.cg.flightmgmt.controller.ScheduledFlightController [http-nio-8082-exec-5] ResponseEntity<ScheduledFlight> viewAllScheduledFlight()
2021-06-02 17:14:38,135 INFO com.cg.flightmgmt.service.ScheduledFlightService [http-nio-8082-exec-5] List<ScheduledFlight> viewAllScheduledFlights()
2021-06-02 17:14:39,087 INFO com.cg.flightmgmt.controller.PassengerController [http-nio-8082-exec-9] ResponseEntity<List<Passenger>> getAllPassengers()
2021-06-02 17:14:39,092 INFO com.cg.flightmgmt.service.PassengerService [http-nio-8082-exec-9] List<Passenger> getAllPassengers()
2021-06-02 17:52:19,862 INFO com.cg.flightmgmt.controller.UserController [http-nio-8082-exec-6] ResponseEntity<User> validateUser()
2021-06-02 17:52:19,875 INFO com.cg.flightmgmt.service.UserService [http-nio-8082-exec-6] User validateUser()
2021-06-02 17:52:33,141 INFO com.cg.flightmgmt.controller.ScheduledFlightController [http-nio-8082-exec-7] ResponseEntity<ScheduledFlight> viewAllScheduledFlightsbyAirport()
2021-06-02 17:52:39,989 INFO com.cg.flightmgmt.controller.ScheduledFlightController [http-nio-8082-exec-1] ResponseEntity<ScheduledFlight> viewScheduledFlightById()
2021-06-02 17:52:39,991 INFO com.cg.flightmgmt.service.ScheduledFlightService [http-nio-8082-exec-1] ScheduledFlight viewFlightSchedule()
2021-06-02 17:53:56,679 INFO com.cg.flightmgmt.controller.ScheduledFlightController [http-nio-8082-exec-3] ResponseEntity<ScheduledFlight> viewAllScheduledFlightsbyAirport()
2021-06-02 17:54:16,878 INFO com.cg.flightmgmt.controller.ScheduledFlightController [http-nio-8082-exec-4] ResponseEntity<ScheduledFlight> viewScheduledFlightById()
2021-06-02 17:54:16,881 INFO com.cg.flightmgmt.service.ScheduledFlightService [http-nio-8082-exec-4] ScheduledFlight viewFlightSchedule()
2021-06-02 18:05:45,202 INFO com.cg.flightmgmt.controller.UserController [http-nio-8082-exec-10] ResponseEntity<User> validateUser()
2021-06-02 18:05:45,203 INFO com.cg.flightmgmt.service.UserService [http-nio-8082-exec-10] User validateUser()
2021-06-02 18:06:05,991 INFO com.cg.flightmgmt.controller.ScheduledFlightController [http-nio-8082-exec-6] ResponseEntity<ScheduledFlight> viewAllScheduledFlightsbyAirport()
2021-06-02 18:06:11,423 INFO com.cg.flightmgmt.controller.ScheduledFlightController [http-nio-8082-exec-7] ResponseEntity<ScheduledFlight> viewScheduledFlightById()
2021-06-02 18:06:11,425 INFO com.cg.flightmgmt.service.ScheduledFlightService [http-nio-8082-exec-7] ScheduledFlight viewFlightSchedule()
2021-06-02 18:18:46,194 INFO com.cg.flightmgmt.controller.ScheduledFlightController [http-nio-8082-exec-8] ResponseEntity<ScheduledFlight> viewAllScheduledFlightsbyAirport()
2021-06-02 18:19:38,621 INFO org.springframework.boot.admin.SpringApplicationAdminMXBeanRegistrar$SpringApplicationAdmin [RMI TCP Connection(170)-127.0.0.1] Application shutdown requested.
2021-06-02 18:19:38,731 INFO org.springframework.scheduling.concurrent.ExecutorConfigurationSupport [RMI TCP Connection(170)-127.0.0.1] Shutting down ExecutorService 'applicationTaskExecutor'
2021-06-02 18:19:38,741 INFO org.springframework.orm.jpa.AbstractEntityManagerFactoryBean [RMI TCP Connection(170)-127.0.0.1] Closing JPA EntityManagerFactory for persistence unit 'default'
2021-06-02 18:19:38,762 INFO com.zaxxer.hikari.HikariDataSource [RMI TCP Connection(170)-127.0.0.1] HikariPool-1 - Shutdown initiated...
2021-06-02 18:19:38,772 INFO com.zaxxer.hikari.HikariDataSource [RMI TCP Connection(170)-127.0.0.1] HikariPool-1 - Shutdown completed.
