2021-06-04 09:50:44,485 INFO org.hibernate.validator.internal.util.Version [background-preinit] HV000001: Hibernate Validator 6.1.7.Final
2021-06-04 09:50:44,488 INFO org.springframework.boot.StartupInfoLogger [restartedMain] Starting FlightManagementApplication using Java 15.0.2 on GNANI with PID 13380 (C:\Users\Gnanesh\eclipse-workspace\Flight-Management-Application\target\classes started by Gnanesh in C:\Users\Gnanesh\eclipse-workspace\Flight-Management-Application)
2021-06-04 09:50:44,491 INFO org.springframework.boot.SpringApplication [restartedMain] No active profile set, falling back to default profiles: default
2021-06-04 09:50:44,542 INFO org.springframework.boot.logging.DeferredLog [restartedMain] The Class-Path manifest attribute in C:\Users\Gnanesh\.m2\repository\com\oracle\database\jdbc\ojdbc8\19.8.0.0\ojdbc8-19.8.0.0.jar referenced one or more files that do not exist: file:/C:/Users/Gnanesh/.m2/repository/com/oracle/database/jdbc/ojdbc8/19.8.0.0/oraclepki.jar
2021-06-04 09:50:44,542 INFO org.springframework.boot.logging.DeferredLog [restartedMain] Devtools property defaults active! Set 'spring.devtools.add-properties' to 'false' to disable
2021-06-04 09:50:44,543 INFO org.springframework.boot.logging.DeferredLog [restartedMain] For additional web related logging consider setting the 'logging.level.web' property to 'DEBUG'
2021-06-04 09:50:45,732 INFO org.springframework.data.repository.config.RepositoryConfigurationDelegate [restartedMain] Bootstrapping Spring Data JPA repositories in DEFAULT mode.
2021-06-04 09:50:45,854 INFO org.springframework.data.repository.config.RepositoryConfigurationDelegate [restartedMain] Finished Spring Data repository scanning in 108 ms. Found 7 JPA repository interfaces.
2021-06-04 09:50:46,990 INFO org.springframework.boot.web.embedded.tomcat.TomcatWebServer [restartedMain] Tomcat initialized with port(s): 8082 (http)
2021-06-04 09:50:47,008 INFO org.apache.juli.logging.DirectJDKLog [restartedMain] Initializing ProtocolHandler ["http-nio-8082"]
2021-06-04 09:50:47,009 INFO org.apache.juli.logging.DirectJDKLog [restartedMain] Starting service [Tomcat]
2021-06-04 09:50:47,009 INFO org.apache.juli.logging.DirectJDKLog [restartedMain] Starting Servlet engine: [Apache Tomcat/9.0.45]
2021-06-04 09:50:47,161 INFO org.apache.juli.logging.DirectJDKLog [restartedMain] Initializing Spring embedded WebApplicationContext
2021-06-04 09:50:47,162 INFO org.springframework.boot.web.servlet.context.ServletWebServerApplicationContext [restartedMain] Root WebApplicationContext: initialization completed in 2619 ms
2021-06-04 09:50:47,502 INFO org.hibernate.jpa.internal.util.LogHelper [restartedMain] HHH000204: Processing PersistenceUnitInfo [name: default]
2021-06-04 09:50:47,602 INFO org.hibernate.Version [restartedMain] HHH000412: Hibernate ORM core version 5.4.30.Final
2021-06-04 09:50:47,866 INFO org.hibernate.annotations.common.reflection.java.JavaReflectionManager [restartedMain] HCANN000001: Hibernate Commons Annotations {5.1.2.Final}
2021-06-04 09:50:48,032 INFO com.zaxxer.hikari.HikariDataSource [restartedMain] HikariPool-1 - Starting...
2021-06-04 09:50:48,037 WARN com.zaxxer.hikari.util.DriverDataSource [restartedMain] Registered driver with driverClassName=oracle.jdbc.driver.OracleDriver was not found, trying direct instantiation.
2021-06-04 09:50:48,510 INFO com.zaxxer.hikari.HikariDataSource [restartedMain] HikariPool-1 - Start completed.
2021-06-04 09:50:48,538 INFO org.hibernate.dialect.Dialect [restartedMain] HHH000400: Using dialect: org.hibernate.dialect.Oracle10gDialect
2021-06-04 09:50:50,252 INFO org.hibernate.engine.transaction.jta.platform.internal.JtaPlatformInitiator [restartedMain] HHH000490: Using JtaPlatform implementation: [org.hibernate.engine.transaction.jta.platform.internal.NoJtaPlatform]
2021-06-04 09:50:50,269 INFO org.springframework.orm.jpa.AbstractEntityManagerFactoryBean [restartedMain] Initialized JPA EntityManagerFactory for persistence unit 'default'
2021-06-04 09:50:50,330 INFO org.springframework.boot.devtools.autoconfigure.OptionalLiveReloadServer [restartedMain] LiveReload server is running on port 35729
2021-06-04 09:50:51,504 WARN org.springframework.boot.autoconfigure.orm.jpa.JpaBaseConfiguration$JpaWebConfiguration [restartedMain] spring.jpa.open-in-view is enabled by default. Therefore, database queries may be performed during view rendering. Explicitly configure spring.jpa.open-in-view to disable this warning
2021-06-04 09:50:51,756 INFO springfox.documentation.spring.web.PropertySourcedRequestMappingHandlerMapping [restartedMain] Mapped URL path [/v2/api-docs] onto method [springfox.documentation.swagger2.web.Swagger2Controller#getDocumentation(String, HttpServletRequest)]
2021-06-04 09:50:51,905 INFO org.springframework.scheduling.concurrent.ExecutorConfigurationSupport [restartedMain] Initializing ExecutorService 'applicationTaskExecutor'
2021-06-04 09:50:52,146 INFO org.apache.juli.logging.DirectJDKLog [restartedMain] Starting ProtocolHandler ["http-nio-8082"]
2021-06-04 09:50:52,182 INFO org.springframework.boot.web.embedded.tomcat.TomcatWebServer [restartedMain] Tomcat started on port(s): 8082 (http) with context path ''
2021-06-04 09:50:52,184 INFO springfox.documentation.spring.web.plugins.DocumentationPluginsBootstrapper [restartedMain] Context refreshed
2021-06-04 09:50:52,210 INFO springfox.documentation.spring.web.plugins.DocumentationPluginsBootstrapper [restartedMain] Found 1 custom documentation plugin(s)
2021-06-04 09:50:52,249 INFO springfox.documentation.spring.web.scanners.ApiListingReferenceScanner [restartedMain] Scanning for api listing references
2021-06-04 09:50:52,763 INFO org.springframework.boot.StartupInfoLogger [restartedMain] Started FlightManagementApplication in 8.775 seconds (JVM running for 9.747)
2021-06-04 09:51:43,369 INFO org.apache.juli.logging.DirectJDKLog [http-nio-8082-exec-1] Initializing Spring DispatcherServlet 'dispatcherServlet'
2021-06-04 09:51:43,369 INFO org.springframework.web.servlet.FrameworkServlet [http-nio-8082-exec-1] Initializing Servlet 'dispatcherServlet'
2021-06-04 09:51:43,370 INFO org.springframework.web.servlet.FrameworkServlet [http-nio-8082-exec-1] Completed initialization in 1 ms
2021-06-04 09:51:43,402 INFO com.cg.flightmgmt.controller.UserController [http-nio-8082-exec-1] ResponseEntity<User> validateUser()
2021-06-04 09:51:43,410 INFO com.cg.flightmgmt.service.UserService [http-nio-8082-exec-1] User validateUser()
2021-06-04 09:51:56,611 INFO com.cg.flightmgmt.controller.ScheduledFlightController [http-nio-8082-exec-3] ResponseEntity<ScheduledFlight> viewAllScheduledFlightsbyAirport()
2021-06-04 09:51:59,783 INFO com.cg.flightmgmt.controller.ScheduledFlightController [http-nio-8082-exec-4] ResponseEntity<ScheduledFlight> viewScheduledFlightById()
2021-06-04 09:51:59,785 INFO com.cg.flightmgmt.service.ScheduledFlightService [http-nio-8082-exec-4] ScheduledFlight viewFlightSchedule()
2021-06-04 10:26:48,983 INFO com.cg.flightmgmt.controller.UserController [http-nio-8082-exec-6] ResponseEntity<User> validateUser()
2021-06-04 10:26:48,993 INFO com.cg.flightmgmt.service.UserService [http-nio-8082-exec-6] User validateUser()
2021-06-04 10:51:13,794 INFO com.cg.flightmgmt.controller.UserController [http-nio-8082-exec-8] ResponseEntity<User> validateUser()
2021-06-04 10:51:13,798 INFO com.cg.flightmgmt.service.UserService [http-nio-8082-exec-8] User validateUser()
2021-06-04 10:51:18,386 INFO com.cg.flightmgmt.controller.PassengerController [http-nio-8082-exec-9] ResponseEntity<List<Passenger>> getAllPassengers()
2021-06-04 10:51:18,418 INFO com.cg.flightmgmt.service.PassengerService [http-nio-8082-exec-9] List<Passenger> getAllPassengers()
2021-06-04 10:51:35,681 INFO com.cg.flightmgmt.controller.PassengerController [http-nio-8082-exec-10] ResponseEntity<List<Passenger>> getAllPassengers()
2021-06-04 10:51:35,683 INFO com.cg.flightmgmt.service.PassengerService [http-nio-8082-exec-10] List<Passenger> getAllPassengers()
2021-06-04 10:51:38,561 INFO com.cg.flightmgmt.controller.PassengerController [http-nio-8082-exec-1] ResponseEntity<List<Passenger>> getAllPassengers()
2021-06-04 10:51:38,563 INFO com.cg.flightmgmt.service.PassengerService [http-nio-8082-exec-1] List<Passenger> getAllPassengers()
2021-06-04 11:16:35,203 WARN org.springframework.web.servlet.handler.AbstractHandlerExceptionResolver [http-nio-8082-exec-4] Resolved [org.springframework.http.converter.HttpMessageNotReadableException: JSON parse error: Cannot deserialize instance of `com.cg.flightmgmt.dto.Passenger` out of START_ARRAY token; nested exception is com.fasterxml.jackson.databind.exc.MismatchedInputException: Cannot deserialize instance of `com.cg.flightmgmt.dto.Passenger` out of START_ARRAY token
 at [Source: (PushbackInputStream); line: 1, column: 1]]
2021-06-04 11:35:43,727 INFO org.springframework.scheduling.concurrent.ExecutorConfigurationSupport [Thread-8] Shutting down ExecutorService 'applicationTaskExecutor'
2021-06-04 11:35:43,737 INFO org.springframework.orm.jpa.AbstractEntityManagerFactoryBean [Thread-8] Closing JPA EntityManagerFactory for persistence unit 'default'
2021-06-04 11:35:43,772 INFO com.zaxxer.hikari.HikariDataSource [Thread-8] HikariPool-1 - Shutdown initiated...
2021-06-04 11:35:43,831 INFO com.zaxxer.hikari.HikariDataSource [Thread-8] HikariPool-1 - Shutdown completed.
2021-06-04 11:35:44,049 INFO org.springframework.boot.StartupInfoLogger [restartedMain] Starting FlightManagementApplication using Java 15.0.2 on GNANI with PID 13380 (C:\Users\Gnanesh\eclipse-workspace\Flight-Management-Application\target\classes started by Gnanesh in C:\Users\Gnanesh\eclipse-workspace\Flight-Management-Application)
2021-06-04 11:35:44,049 INFO org.springframework.boot.SpringApplication [restartedMain] No active profile set, falling back to default profiles: default
2021-06-04 11:35:44,315 INFO org.springframework.data.repository.config.RepositoryConfigurationDelegate [restartedMain] Bootstrapping Spring Data JPA repositories in DEFAULT mode.
2021-06-04 11:35:44,338 INFO org.springframework.data.repository.config.RepositoryConfigurationDelegate [restartedMain] Finished Spring Data repository scanning in 22 ms. Found 7 JPA repository interfaces.
2021-06-04 11:35:44,423 INFO org.springframework.boot.web.embedded.tomcat.TomcatWebServer [restartedMain] Tomcat initialized with port(s): 8082 (http)
2021-06-04 11:35:44,423 INFO org.apache.juli.logging.DirectJDKLog [restartedMain] Initializing ProtocolHandler ["http-nio-8082"]
2021-06-04 11:35:44,423 INFO org.apache.juli.logging.DirectJDKLog [restartedMain] Starting service [Tomcat]
2021-06-04 11:35:44,423 INFO org.apache.juli.logging.DirectJDKLog [restartedMain] Starting Servlet engine: [Apache Tomcat/9.0.45]
2021-06-04 11:35:44,439 INFO org.apache.juli.logging.DirectJDKLog [restartedMain] Initializing Spring embedded WebApplicationContext
2021-06-04 11:35:44,439 INFO org.springframework.boot.web.servlet.context.ServletWebServerApplicationContext [restartedMain] Root WebApplicationContext: initialization completed in 388 ms
2021-06-04 11:35:44,467 INFO org.hibernate.jpa.internal.util.LogHelper [restartedMain] HHH000204: Processing PersistenceUnitInfo [name: default]
2021-06-04 11:35:44,471 INFO com.zaxxer.hikari.HikariDataSource [restartedMain] HikariPool-2 - Starting...
2021-06-04 11:35:44,471 WARN com.zaxxer.hikari.util.DriverDataSource [restartedMain] Registered driver with driverClassName=oracle.jdbc.driver.OracleDriver was not found, trying direct instantiation.
2021-06-04 11:35:44,516 INFO com.zaxxer.hikari.HikariDataSource [restartedMain] HikariPool-2 - Start completed.
2021-06-04 11:35:44,517 INFO org.hibernate.dialect.Dialect [restartedMain] HHH000400: Using dialect: org.hibernate.dialect.Oracle10gDialect
2021-06-04 11:35:44,704 INFO org.hibernate.engine.transaction.jta.platform.internal.JtaPlatformInitiator [restartedMain] HHH000490: Using JtaPlatform implementation: [org.hibernate.engine.transaction.jta.platform.internal.NoJtaPlatform]
2021-06-04 11:35:44,704 INFO org.springframework.orm.jpa.AbstractEntityManagerFactoryBean [restartedMain] Initialized JPA EntityManagerFactory for persistence unit 'default'
2021-06-04 11:35:44,712 INFO org.springframework.boot.devtools.autoconfigure.OptionalLiveReloadServer [restartedMain] LiveReload server is running on port 35729
2021-06-04 11:35:44,887 WARN org.springframework.boot.autoconfigure.orm.jpa.JpaBaseConfiguration$JpaWebConfiguration [restartedMain] spring.jpa.open-in-view is enabled by default. Therefore, database queries may be performed during view rendering. Explicitly configure spring.jpa.open-in-view to disable this warning
2021-06-04 11:35:44,918 INFO springfox.documentation.spring.web.PropertySourcedRequestMappingHandlerMapping [restartedMain] Mapped URL path [/v2/api-docs] onto method [springfox.documentation.swagger2.web.Swagger2Controller#getDocumentation(String, HttpServletRequest)]
2021-06-04 11:35:44,942 INFO org.springframework.scheduling.concurrent.ExecutorConfigurationSupport [restartedMain] Initializing ExecutorService 'applicationTaskExecutor'
2021-06-04 11:35:44,979 INFO org.apache.juli.logging.DirectJDKLog [restartedMain] Starting ProtocolHandler ["http-nio-8082"]
2021-06-04 11:35:44,988 INFO org.springframework.boot.web.embedded.tomcat.TomcatWebServer [restartedMain] Tomcat started on port(s): 8082 (http) with context path ''
2021-06-04 11:35:44,988 INFO springfox.documentation.spring.web.plugins.DocumentationPluginsBootstrapper [restartedMain] Context refreshed
2021-06-04 11:35:44,989 INFO springfox.documentation.spring.web.plugins.DocumentationPluginsBootstrapper [restartedMain] Found 1 custom documentation plugin(s)
2021-06-04 11:35:44,992 INFO springfox.documentation.spring.web.scanners.ApiListingReferenceScanner [restartedMain] Scanning for api listing references
2021-06-04 11:35:45,126 INFO org.springframework.boot.StartupInfoLogger [restartedMain] Started FlightManagementApplication in 1.11 seconds (JVM running for 6302.11)
2021-06-04 11:35:45,127 INFO org.springframework.boot.devtools.autoconfigure.ConditionEvaluationDeltaLoggingListener [restartedMain] Condition evaluation unchanged
2021-06-04 11:36:17,679 INFO org.apache.juli.logging.DirectJDKLog [http-nio-8082-exec-1] Initializing Spring DispatcherServlet 'dispatcherServlet'
2021-06-04 11:36:17,680 INFO org.springframework.web.servlet.FrameworkServlet [http-nio-8082-exec-1] Initializing Servlet 'dispatcherServlet'
2021-06-04 11:36:17,680 INFO org.springframework.web.servlet.FrameworkServlet [http-nio-8082-exec-1] Completed initialization in 0 ms
2021-06-04 11:36:17,683 WARN org.springframework.web.servlet.handler.AbstractHandlerExceptionResolver [http-nio-8082-exec-1] Resolved [org.springframework.http.converter.HttpMessageNotReadableException: JSON parse error: Cannot deserialize instance of `com.cg.flightmgmt.dto.Passenger` out of START_ARRAY token; nested exception is com.fasterxml.jackson.databind.exc.MismatchedInputException: Cannot deserialize instance of `com.cg.flightmgmt.dto.Passenger` out of START_ARRAY token
 at [Source: (PushbackInputStream); line: 1, column: 1]]
2021-06-04 11:43:33,157 WARN org.springframework.web.servlet.handler.AbstractHandlerExceptionResolver [http-nio-8082-exec-2] Resolved [org.springframework.http.converter.HttpMessageNotReadableException: JSON parse error: Cannot deserialize instance of `com.cg.flightmgmt.dto.Passenger` out of START_ARRAY token; nested exception is com.fasterxml.jackson.databind.exc.MismatchedInputException: Cannot deserialize instance of `com.cg.flightmgmt.dto.Passenger` out of START_ARRAY token
 at [Source: (PushbackInputStream); line: 1, column: 1]]
2021-06-04 11:56:58,553 WARN org.springframework.web.servlet.handler.AbstractHandlerExceptionResolver [http-nio-8082-exec-4] Resolved [org.springframework.http.converter.HttpMessageNotReadableException: JSON parse error: Cannot deserialize instance of `com.cg.flightmgmt.dto.Passenger` out of START_ARRAY token; nested exception is com.fasterxml.jackson.databind.exc.MismatchedInputException: Cannot deserialize instance of `com.cg.flightmgmt.dto.Passenger` out of START_ARRAY token
 at [Source: (PushbackInputStream); line: 1, column: 1]]
2021-06-04 14:51:17,360 WARN com.zaxxer.hikari.pool.HikariPool$HouseKeeper [HikariPool-2 housekeeper] HikariPool-2 - Thread starvation or clock leap detected (housekeeper delta=1h31s376ms963µs601ns).
2021-06-04 15:11:01,240 INFO com.cg.flightmgmt.controller.ScheduledFlightController [http-nio-8082-exec-5] ResponseEntity<ScheduledFlight> viewAllScheduledFlightsbyAirport()
2021-06-04 15:11:08,285 INFO com.cg.flightmgmt.controller.ScheduledFlightController [http-nio-8082-exec-6] ResponseEntity<ScheduledFlight> viewAllScheduledFlightsbyAirport()
2021-06-04 18:34:46,110 WARN org.springframework.web.servlet.handler.AbstractHandlerExceptionResolver [http-nio-8082-exec-9] Resolved [org.springframework.http.converter.HttpMessageNotReadableException: JSON parse error: Cannot deserialize instance of `com.cg.flightmgmt.dto.Passenger` out of START_ARRAY token; nested exception is com.fasterxml.jackson.databind.exc.MismatchedInputException: Cannot deserialize instance of `com.cg.flightmgmt.dto.Passenger` out of START_ARRAY token
 at [Source: (PushbackInputStream); line: 1, column: 1]]
2021-06-04 18:35:06,993 INFO org.springframework.boot.admin.SpringApplicationAdminMXBeanRegistrar$SpringApplicationAdmin [RMI TCP Connection(469)-127.0.0.1] Application shutdown requested.
2021-06-04 18:35:07,170 INFO org.springframework.scheduling.concurrent.ExecutorConfigurationSupport [RMI TCP Connection(469)-127.0.0.1] Shutting down ExecutorService 'applicationTaskExecutor'
2021-06-04 18:35:07,179 INFO org.springframework.orm.jpa.AbstractEntityManagerFactoryBean [RMI TCP Connection(469)-127.0.0.1] Closing JPA EntityManagerFactory for persistence unit 'default'
2021-06-04 18:35:07,209 INFO com.zaxxer.hikari.HikariDataSource [RMI TCP Connection(469)-127.0.0.1] HikariPool-2 - Shutdown initiated...
2021-06-04 18:35:07,220 INFO com.zaxxer.hikari.HikariDataSource [RMI TCP Connection(469)-127.0.0.1] HikariPool-2 - Shutdown completed.
