2021-05-31 09:45:57,178 INFO org.springframework.boot.StartupInfoLogger [restartedMain] Starting FlightManagementApplication using Java 15.0.2 on DESKTOP-A62DDGV with PID 7908 (C:\Users\S\eclipse-workspace\Flight-Management-Application\target\classes started by S in C:\Users\S\eclipse-workspace\Flight-Management-Application)
2021-05-31 09:45:57,212 INFO org.springframework.boot.SpringApplication [restartedMain] No active profile set, falling back to default profiles: default
2021-05-31 09:45:57,213 INFO org.hibernate.validator.internal.util.Version [background-preinit] HV000001: Hibernate Validator 6.1.7.Final
2021-05-31 09:45:58,286 INFO org.springframework.boot.logging.DeferredLog [restartedMain] The Class-Path manifest attribute in C:\Users\S\.m2\repository\com\oracle\database\jdbc\ojdbc8\19.8.0.0\ojdbc8-19.8.0.0.jar referenced one or more files that do not exist: file:/C:/Users/S/.m2/repository/com/oracle/database/jdbc/ojdbc8/19.8.0.0/oraclepki.jar
2021-05-31 09:45:58,288 INFO org.springframework.boot.logging.DeferredLog [restartedMain] Devtools property defaults active! Set 'spring.devtools.add-properties' to 'false' to disable
2021-05-31 09:45:58,290 INFO org.springframework.boot.logging.DeferredLog [restartedMain] For additional web related logging consider setting the 'logging.level.web' property to 'DEBUG'
2021-05-31 09:46:19,154 INFO org.springframework.data.repository.config.RepositoryConfigurationDelegate [restartedMain] Bootstrapping Spring Data JPA repositories in DEFAULT mode.
2021-05-31 09:46:20,311 INFO org.springframework.data.repository.config.RepositoryConfigurationDelegate [restartedMain] Finished Spring Data repository scanning in 958 ms. Found 7 JPA repository interfaces.
2021-05-31 09:46:36,097 INFO org.springframework.boot.web.embedded.tomcat.TomcatWebServer [restartedMain] Tomcat initialized with port(s): 8082 (http)
2021-05-31 09:46:36,348 INFO org.apache.juli.logging.DirectJDKLog [restartedMain] Initializing ProtocolHandler ["http-nio-8082"]
2021-05-31 09:46:36,350 INFO org.apache.juli.logging.DirectJDKLog [restartedMain] Starting service [Tomcat]
2021-05-31 09:46:36,355 INFO org.apache.juli.logging.DirectJDKLog [restartedMain] Starting Servlet engine: [Apache Tomcat/9.0.45]
2021-05-31 09:46:37,439 INFO org.apache.juli.logging.DirectJDKLog [restartedMain] Initializing Spring embedded WebApplicationContext
2021-05-31 09:46:37,440 INFO org.springframework.boot.web.servlet.context.ServletWebServerApplicationContext [restartedMain] Root WebApplicationContext: initialization completed in 39121 ms
2021-05-31 09:46:40,226 INFO org.hibernate.jpa.internal.util.LogHelper [restartedMain] HHH000204: Processing PersistenceUnitInfo [name: default]
2021-05-31 09:46:40,907 INFO org.hibernate.Version [restartedMain] HHH000412: Hibernate ORM core version 5.4.30.Final
2021-05-31 09:46:42,484 INFO org.hibernate.annotations.common.reflection.java.JavaReflectionManager [restartedMain] HCANN000001: Hibernate Commons Annotations {5.1.2.Final}
2021-05-31 09:46:43,308 INFO com.zaxxer.hikari.HikariDataSource [restartedMain] HikariPool-1 - Starting...
2021-05-31 09:46:43,321 WARN com.zaxxer.hikari.util.DriverDataSource [restartedMain] Registered driver with driverClassName=oracle.jdbc.driver.OracleDriver was not found, trying direct instantiation.
2021-05-31 09:46:52,561 INFO com.zaxxer.hikari.HikariDataSource [restartedMain] HikariPool-1 - Start completed.
2021-05-31 09:46:52,800 INFO org.hibernate.dialect.Dialect [restartedMain] HHH000400: Using dialect: org.hibernate.dialect.Oracle10gDialect
2021-05-31 09:47:25,563 INFO org.hibernate.engine.transaction.jta.platform.internal.JtaPlatformInitiator [restartedMain] HHH000490: Using JtaPlatform implementation: [org.hibernate.engine.transaction.jta.platform.internal.NoJtaPlatform]
2021-05-31 09:47:25,658 INFO org.springframework.orm.jpa.AbstractEntityManagerFactoryBean [restartedMain] Initialized JPA EntityManagerFactory for persistence unit 'default'
2021-05-31 09:47:26,551 INFO org.springframework.boot.devtools.autoconfigure.OptionalLiveReloadServer [restartedMain] LiveReload server is running on port 35729
2021-05-31 09:47:30,607 WARN org.springframework.boot.autoconfigure.orm.jpa.JpaBaseConfiguration$JpaWebConfiguration [restartedMain] spring.jpa.open-in-view is enabled by default. Therefore, database queries may be performed during view rendering. Explicitly configure spring.jpa.open-in-view to disable this warning
2021-05-31 09:47:31,383 INFO springfox.documentation.spring.web.PropertySourcedRequestMappingHandlerMapping [restartedMain] Mapped URL path [/v2/api-docs] onto method [springfox.documentation.swagger2.web.Swagger2Controller#getDocumentation(String, HttpServletRequest)]
2021-05-31 09:47:31,869 INFO org.springframework.scheduling.concurrent.ExecutorConfigurationSupport [restartedMain] Initializing ExecutorService 'applicationTaskExecutor'
2021-05-31 09:47:32,683 INFO org.apache.juli.logging.DirectJDKLog [restartedMain] Starting ProtocolHandler ["http-nio-8082"]
2021-05-31 09:47:32,828 INFO org.springframework.boot.web.embedded.tomcat.TomcatWebServer [restartedMain] Tomcat started on port(s): 8082 (http) with context path ''
2021-05-31 09:47:32,832 INFO springfox.documentation.spring.web.plugins.DocumentationPluginsBootstrapper [restartedMain] Context refreshed
2021-05-31 09:47:33,092 INFO springfox.documentation.spring.web.plugins.DocumentationPluginsBootstrapper [restartedMain] Found 1 custom documentation plugin(s)
2021-05-31 09:47:33,295 INFO springfox.documentation.spring.web.scanners.ApiListingReferenceScanner [restartedMain] Scanning for api listing references
2021-05-31 09:47:34,762 INFO org.springframework.boot.StartupInfoLogger [restartedMain] Started FlightManagementApplication in 102.113 seconds (JVM running for 111.234)
2021-05-31 09:48:44,199 INFO org.apache.juli.logging.DirectJDKLog [http-nio-8082-exec-1] Initializing Spring DispatcherServlet 'dispatcherServlet'
2021-05-31 09:48:44,200 INFO org.springframework.web.servlet.FrameworkServlet [http-nio-8082-exec-1] Initializing Servlet 'dispatcherServlet'
2021-05-31 09:48:44,208 INFO org.springframework.web.servlet.FrameworkServlet [http-nio-8082-exec-1] Completed initialization in 3 ms
2021-05-31 09:49:39,180 INFO com.cg.flightmgmt.controller.ScheduledFlightController [http-nio-8082-exec-1] ResponseEntity<ScheduledFlight> viewAllScheduledFlight()
2021-05-31 09:49:39,249 INFO com.cg.flightmgmt.service.ScheduledFlightService [http-nio-8082-exec-1] List<ScheduledFlight> viewAllScheduledFlights()
2021-05-31 09:49:55,045 INFO com.cg.flightmgmt.controller.ScheduledFlightController [http-nio-8082-exec-8] ResponseEntity<ScheduledFlight> viewAllScheduledFlightsbyAirport()
2021-05-31 10:02:22,387 INFO com.cg.flightmgmt.controller.ScheduledFlightController [http-nio-8082-exec-1] ResponseEntity<ScheduledFlight> viewAllScheduledFlight()
2021-05-31 10:02:22,417 INFO com.cg.flightmgmt.service.ScheduledFlightService [http-nio-8082-exec-1] List<ScheduledFlight> viewAllScheduledFlights()
2021-05-31 10:02:44,506 INFO com.cg.flightmgmt.controller.ScheduledFlightController [http-nio-8082-exec-10] ResponseEntity<ScheduledFlight> viewAllScheduledFlightsbyAirport()
2021-05-31 10:22:52,323 INFO com.cg.flightmgmt.controller.UserController [http-nio-8082-exec-8] ResponseEntity<User> validateUser()
2021-05-31 10:22:52,424 INFO com.cg.flightmgmt.service.UserService [http-nio-8082-exec-8] User validateUser()
2021-05-31 10:22:57,404 INFO com.cg.flightmgmt.controller.UserController [http-nio-8082-exec-3] ResponseEntity<User> validateUser()
2021-05-31 10:22:57,407 INFO com.cg.flightmgmt.service.UserService [http-nio-8082-exec-3] User validateUser()
2021-05-31 10:26:49,455 INFO com.cg.flightmgmt.controller.UserController [http-nio-8082-exec-5] ResponseEntity<User> addUser()
2021-05-31 10:26:49,547 INFO com.cg.flightmgmt.service.UserService [http-nio-8082-exec-5] User addUser()
2021-05-31 10:27:19,808 INFO com.cg.flightmgmt.controller.UserController [http-nio-8082-exec-1] ResponseEntity<User> validateUser()
2021-05-31 10:27:19,813 INFO com.cg.flightmgmt.service.UserService [http-nio-8082-exec-1] User validateUser()
2021-05-31 10:27:22,121 INFO com.cg.flightmgmt.controller.FlightController [http-nio-8082-exec-7] ResponseEntity<Set<Flight>> viewAllFlights()
2021-05-31 10:27:22,143 INFO com.cg.flightmgmt.service.FlightService [http-nio-8082-exec-7] Set<Flight> viewAllFligts()
2021-05-31 10:27:33,009 INFO com.cg.flightmgmt.controller.FlightController [http-nio-8082-exec-10] ResponseEntity<Set<Flight>> viewAllFlights()
2021-05-31 10:27:33,013 INFO com.cg.flightmgmt.service.FlightService [http-nio-8082-exec-10] Set<Flight> viewAllFligts()
2021-05-31 10:35:46,523 INFO com.cg.flightmgmt.controller.ScheduledFlightController [http-nio-8082-exec-8] ResponseEntity<ScheduledFlight> viewAllScheduledFlight()
2021-05-31 10:35:46,666 INFO com.cg.flightmgmt.service.ScheduledFlightService [http-nio-8082-exec-8] List<ScheduledFlight> viewAllScheduledFlights()
2021-05-31 10:35:52,872 INFO com.cg.flightmgmt.controller.FlightController [http-nio-8082-exec-9] ResponseEntity<Set<Flight>> viewAllFlights()
2021-05-31 10:35:52,880 INFO com.cg.flightmgmt.service.FlightService [http-nio-8082-exec-9] Set<Flight> viewAllFligts()
2021-05-31 10:35:58,540 INFO com.cg.flightmgmt.controller.AirportController [http-nio-8082-exec-5] ResponseEntity<List<Airport>> viewAllAirports()
2021-05-31 10:35:58,605 INFO com.cg.flightmgmt.service.AirportService [http-nio-8082-exec-5] List<Airport> viewAirportList()
2021-05-31 10:36:06,234 INFO com.cg.flightmgmt.controller.FlightController [http-nio-8082-exec-1] ResponseEntity<Set<Flight>> viewAllFlights()
2021-05-31 10:36:06,278 INFO com.cg.flightmgmt.service.FlightService [http-nio-8082-exec-1] Set<Flight> viewAllFligts()
2021-05-31 10:50:22,730 INFO com.cg.flightmgmt.controller.FlightController [http-nio-8082-exec-4] ResponseEntity<Set<Flight>> viewAllFlights()
2021-05-31 10:50:23,187 INFO com.cg.flightmgmt.service.FlightService [http-nio-8082-exec-4] Set<Flight> viewAllFligts()
2021-05-31 11:30:12,337 WARN org.springframework.web.servlet.handler.AbstractHandlerExceptionResolver [http-nio-8082-exec-2] Resolved [org.springframework.web.bind.MissingServletRequestParameterException: Required request parameter 'date1' for method parameter type LocalDate is not present]
2021-05-31 11:30:36,258 WARN org.springframework.web.servlet.handler.AbstractHandlerExceptionResolver [http-nio-8082-exec-8] Resolved [org.springframework.web.bind.MissingServletRequestParameterException: Required request parameter 'date1' for method parameter type LocalDate is not present]
2021-05-31 11:41:54,486 WARN org.springframework.web.servlet.handler.AbstractHandlerExceptionResolver [http-nio-8082-exec-3] Resolved [org.springframework.web.bind.MissingServletRequestParameterException: Required request parameter 'date1' for method parameter type LocalDate is not present]
2021-05-31 11:50:52,406 INFO org.springframework.scheduling.concurrent.ExecutorConfigurationSupport [Thread-8] Shutting down ExecutorService 'applicationTaskExecutor'
2021-05-31 11:50:54,361 INFO org.springframework.orm.jpa.AbstractEntityManagerFactoryBean [Thread-8] Closing JPA EntityManagerFactory for persistence unit 'default'
2021-05-31 11:50:57,573 INFO com.zaxxer.hikari.HikariDataSource [Thread-8] HikariPool-1 - Shutdown initiated...
2021-05-31 11:50:59,062 INFO com.zaxxer.hikari.HikariDataSource [Thread-8] HikariPool-1 - Shutdown completed.
2021-05-31 11:51:29,902 INFO org.springframework.boot.StartupInfoLogger [restartedMain] Starting FlightManagementApplication using Java 15.0.2 on DESKTOP-A62DDGV with PID 7908 (C:\Users\S\eclipse-workspace\Flight-Management-Application\target\classes started by S in C:\Users\S\eclipse-workspace\Flight-Management-Application)
2021-05-31 11:51:30,074 INFO org.springframework.boot.SpringApplication [restartedMain] No active profile set, falling back to default profiles: default
2021-05-31 11:52:38,236 INFO org.springframework.boot.StartupInfoLogger [restartedMain] Starting FlightManagementApplication using Java 15.0.2 on DESKTOP-A62DDGV with PID 1072 (C:\Users\S\eclipse-workspace\Flight-Management-Application\target\classes started by S in C:\Users\S\eclipse-workspace\Flight-Management-Application)
2021-05-31 11:52:38,248 INFO org.springframework.boot.SpringApplication [restartedMain] No active profile set, falling back to default profiles: default
2021-05-31 11:52:38,370 INFO org.hibernate.validator.internal.util.Version [background-preinit] HV000001: Hibernate Validator 6.1.7.Final
2021-05-31 11:52:38,941 INFO org.springframework.boot.logging.DeferredLog [restartedMain] The Class-Path manifest attribute in C:\Users\S\.m2\repository\com\oracle\database\jdbc\ojdbc8\19.8.0.0\ojdbc8-19.8.0.0.jar referenced one or more files that do not exist: file:/C:/Users/S/.m2/repository/com/oracle/database/jdbc/ojdbc8/19.8.0.0/oraclepki.jar
2021-05-31 11:52:38,944 INFO org.springframework.boot.logging.DeferredLog [restartedMain] Devtools property defaults active! Set 'spring.devtools.add-properties' to 'false' to disable
2021-05-31 11:52:38,945 INFO org.springframework.boot.logging.DeferredLog [restartedMain] For additional web related logging consider setting the 'logging.level.web' property to 'DEBUG'
2021-05-31 11:52:46,977 INFO org.springframework.data.repository.config.RepositoryConfigurationDelegate [restartedMain] Bootstrapping Spring Data JPA repositories in DEFAULT mode.
2021-05-31 11:52:47,500 INFO org.springframework.data.repository.config.RepositoryConfigurationDelegate [restartedMain] Finished Spring Data repository scanning in 497 ms. Found 7 JPA repository interfaces.
2021-05-31 11:52:51,975 INFO org.springframework.boot.web.embedded.tomcat.TomcatWebServer [restartedMain] Tomcat initialized with port(s): 8082 (http)
2021-05-31 11:52:52,059 INFO org.apache.juli.logging.DirectJDKLog [restartedMain] Initializing ProtocolHandler ["http-nio-8082"]
2021-05-31 11:52:52,061 INFO org.apache.juli.logging.DirectJDKLog [restartedMain] Starting service [Tomcat]
2021-05-31 11:52:52,063 INFO org.apache.juli.logging.DirectJDKLog [restartedMain] Starting Servlet engine: [Apache Tomcat/9.0.45]
2021-05-31 11:52:52,832 INFO org.apache.juli.logging.DirectJDKLog [restartedMain] Initializing Spring embedded WebApplicationContext
2021-05-31 11:52:52,834 INFO org.springframework.boot.web.servlet.context.ServletWebServerApplicationContext [restartedMain] Root WebApplicationContext: initialization completed in 13877 ms
2021-05-31 11:52:54,657 INFO org.hibernate.jpa.internal.util.LogHelper [restartedMain] HHH000204: Processing PersistenceUnitInfo [name: default]
2021-05-31 11:52:55,399 INFO org.hibernate.Version [restartedMain] HHH000412: Hibernate ORM core version 5.4.30.Final
2021-05-31 11:52:56,619 INFO org.hibernate.annotations.common.reflection.java.JavaReflectionManager [restartedMain] HCANN000001: Hibernate Commons Annotations {5.1.2.Final}
2021-05-31 11:52:57,688 INFO com.zaxxer.hikari.HikariDataSource [restartedMain] HikariPool-1 - Starting...
2021-05-31 11:52:57,701 WARN com.zaxxer.hikari.util.DriverDataSource [restartedMain] Registered driver with driverClassName=oracle.jdbc.driver.OracleDriver was not found, trying direct instantiation.
2021-05-31 11:53:01,234 INFO com.zaxxer.hikari.HikariDataSource [restartedMain] HikariPool-1 - Start completed.
2021-05-31 11:53:01,384 INFO org.hibernate.dialect.Dialect [restartedMain] HHH000400: Using dialect: org.hibernate.dialect.Oracle10gDialect
2021-05-31 11:53:15,282 INFO org.hibernate.engine.transaction.jta.platform.internal.JtaPlatformInitiator [restartedMain] HHH000490: Using JtaPlatform implementation: [org.hibernate.engine.transaction.jta.platform.internal.NoJtaPlatform]
2021-05-31 11:53:15,374 INFO org.springframework.orm.jpa.AbstractEntityManagerFactoryBean [restartedMain] Initialized JPA EntityManagerFactory for persistence unit 'default'
2021-05-31 11:53:15,557 INFO org.springframework.boot.devtools.autoconfigure.OptionalLiveReloadServer [restartedMain] LiveReload server is running on port 35729
2021-05-31 11:53:20,681 WARN org.springframework.boot.autoconfigure.orm.jpa.JpaBaseConfiguration$JpaWebConfiguration [restartedMain] spring.jpa.open-in-view is enabled by default. Therefore, database queries may be performed during view rendering. Explicitly configure spring.jpa.open-in-view to disable this warning
2021-05-31 11:53:34,445 INFO springfox.documentation.spring.web.PropertySourcedRequestMappingHandlerMapping [restartedMain] Mapped URL path [/v2/api-docs] onto method [springfox.documentation.swagger2.web.Swagger2Controller#getDocumentation(String, HttpServletRequest)]
2021-05-31 11:53:35,198 INFO org.springframework.scheduling.concurrent.ExecutorConfigurationSupport [restartedMain] Initializing ExecutorService 'applicationTaskExecutor'
2021-05-31 11:53:36,619 INFO org.apache.juli.logging.DirectJDKLog [restartedMain] Starting ProtocolHandler ["http-nio-8082"]
2021-05-31 11:53:36,891 INFO org.springframework.boot.web.embedded.tomcat.TomcatWebServer [restartedMain] Tomcat started on port(s): 8082 (http) with context path ''
2021-05-31 11:53:36,895 INFO springfox.documentation.spring.web.plugins.DocumentationPluginsBootstrapper [restartedMain] Context refreshed
2021-05-31 11:53:37,202 INFO springfox.documentation.spring.web.plugins.DocumentationPluginsBootstrapper [restartedMain] Found 1 custom documentation plugin(s)
2021-05-31 11:53:37,654 INFO springfox.documentation.spring.web.scanners.ApiListingReferenceScanner [restartedMain] Scanning for api listing references
2021-05-31 11:53:39,394 INFO org.springframework.boot.StartupInfoLogger [restartedMain] Started FlightManagementApplication in 64.68 seconds (JVM running for 73.024)
2021-05-31 11:54:33,632 INFO org.apache.juli.logging.DirectJDKLog [http-nio-8082-exec-3] Initializing Spring DispatcherServlet 'dispatcherServlet'
2021-05-31 11:54:33,633 INFO org.springframework.web.servlet.FrameworkServlet [http-nio-8082-exec-3] Initializing Servlet 'dispatcherServlet'
2021-05-31 11:54:33,638 INFO org.springframework.web.servlet.FrameworkServlet [http-nio-8082-exec-3] Completed initialization in 4 ms
2021-05-31 11:55:24,449 INFO com.cg.flightmgmt.controller.ScheduledFlightController [http-nio-8082-exec-2] ResponseEntity<ScheduledFlight> viewAllScheduledFlight()
2021-05-31 11:55:24,522 INFO com.cg.flightmgmt.service.ScheduledFlightService [http-nio-8082-exec-2] List<ScheduledFlight> viewAllScheduledFlights()
2021-05-31 11:55:40,277 WARN org.springframework.web.servlet.handler.AbstractHandlerExceptionResolver [http-nio-8082-exec-4] Resolved [org.springframework.web.method.annotation.MethodArgumentTypeMismatchException: Failed to convert value of type 'java.lang.String' to required type 'java.time.LocalDate'; nested exception is org.springframework.core.convert.ConversionFailedException: Failed to convert from type [java.lang.String] to type [@org.springframework.web.bind.annotation.PathVariable java.time.LocalDate] for value '2021-05-29'; nested exception is java.lang.IllegalArgumentException: Parse attempt failed for value [2021-05-29]]
2021-05-31 11:57:36,582 INFO org.springframework.scheduling.concurrent.ExecutorConfigurationSupport [Thread-8] Shutting down ExecutorService 'applicationTaskExecutor'
2021-05-31 11:57:36,603 INFO org.springframework.orm.jpa.AbstractEntityManagerFactoryBean [Thread-8] Closing JPA EntityManagerFactory for persistence unit 'default'
2021-05-31 11:57:36,625 INFO com.zaxxer.hikari.HikariDataSource [Thread-8] HikariPool-1 - Shutdown initiated...
2021-05-31 11:57:39,855 INFO com.zaxxer.hikari.HikariDataSource [Thread-8] HikariPool-1 - Shutdown completed.
2021-05-31 11:57:41,143 INFO org.springframework.boot.StartupInfoLogger [restartedMain] Starting FlightManagementApplication using Java 15.0.2 on DESKTOP-A62DDGV with PID 1072 (C:\Users\S\eclipse-workspace\Flight-Management-Application\target\classes started by S in C:\Users\S\eclipse-workspace\Flight-Management-Application)
2021-05-31 11:57:41,145 INFO org.springframework.boot.SpringApplication [restartedMain] No active profile set, falling back to default profiles: default
2021-05-31 11:57:49,384 INFO org.springframework.data.repository.config.RepositoryConfigurationDelegate [restartedMain] Bootstrapping Spring Data JPA repositories in DEFAULT mode.
2021-05-31 11:57:49,565 INFO org.springframework.data.repository.config.RepositoryConfigurationDelegate [restartedMain] Finished Spring Data repository scanning in 179 ms. Found 7 JPA repository interfaces.
2021-05-31 11:57:50,427 INFO org.springframework.boot.web.embedded.tomcat.TomcatWebServer [restartedMain] Tomcat initialized with port(s): 8082 (http)
2021-05-31 11:57:50,430 INFO org.apache.juli.logging.DirectJDKLog [restartedMain] Initializing ProtocolHandler ["http-nio-8082"]
2021-05-31 11:57:50,432 INFO org.apache.juli.logging.DirectJDKLog [restartedMain] Starting service [Tomcat]
2021-05-31 11:57:50,433 INFO org.apache.juli.logging.DirectJDKLog [restartedMain] Starting Servlet engine: [Apache Tomcat/9.0.45]
2021-05-31 11:57:50,860 INFO org.apache.juli.logging.DirectJDKLog [restartedMain] Initializing Spring embedded WebApplicationContext
2021-05-31 11:57:50,861 INFO org.springframework.boot.web.servlet.context.ServletWebServerApplicationContext [restartedMain] Root WebApplicationContext: initialization completed in 9704 ms
2021-05-31 11:57:51,045 INFO org.hibernate.jpa.internal.util.LogHelper [restartedMain] HHH000204: Processing PersistenceUnitInfo [name: default]
2021-05-31 11:57:51,064 INFO com.zaxxer.hikari.HikariDataSource [restartedMain] HikariPool-2 - Starting...
2021-05-31 11:57:51,065 WARN com.zaxxer.hikari.util.DriverDataSource [restartedMain] Registered driver with driverClassName=oracle.jdbc.driver.OracleDriver was not found, trying direct instantiation.
2021-05-31 11:57:51,211 INFO com.zaxxer.hikari.HikariDataSource [restartedMain] HikariPool-2 - Start completed.
2021-05-31 11:57:51,212 INFO org.hibernate.dialect.Dialect [restartedMain] HHH000400: Using dialect: org.hibernate.dialect.Oracle10gDialect
2021-05-31 11:57:52,476 INFO org.hibernate.engine.transaction.jta.platform.internal.JtaPlatformInitiator [restartedMain] HHH000490: Using JtaPlatform implementation: [org.hibernate.engine.transaction.jta.platform.internal.NoJtaPlatform]
2021-05-31 11:57:52,478 INFO org.springframework.orm.jpa.AbstractEntityManagerFactoryBean [restartedMain] Initialized JPA EntityManagerFactory for persistence unit 'default'
2021-05-31 11:57:52,531 INFO org.springframework.boot.devtools.autoconfigure.OptionalLiveReloadServer [restartedMain] LiveReload server is running on port 35729
2021-05-31 11:57:53,629 WARN org.springframework.boot.autoconfigure.orm.jpa.JpaBaseConfiguration$JpaWebConfiguration [restartedMain] spring.jpa.open-in-view is enabled by default. Therefore, database queries may be performed during view rendering. Explicitly configure spring.jpa.open-in-view to disable this warning
2021-05-31 11:57:53,855 INFO springfox.documentation.spring.web.PropertySourcedRequestMappingHandlerMapping [restartedMain] Mapped URL path [/v2/api-docs] onto method [springfox.documentation.swagger2.web.Swagger2Controller#getDocumentation(String, HttpServletRequest)]
2021-05-31 11:57:54,055 INFO org.springframework.scheduling.concurrent.ExecutorConfigurationSupport [restartedMain] Initializing ExecutorService 'applicationTaskExecutor'
2021-05-31 11:57:54,305 INFO org.apache.juli.logging.DirectJDKLog [restartedMain] Starting ProtocolHandler ["http-nio-8082"]
2021-05-31 11:57:54,319 INFO org.springframework.boot.web.embedded.tomcat.TomcatWebServer [restartedMain] Tomcat started on port(s): 8082 (http) with context path ''
2021-05-31 11:57:54,322 INFO springfox.documentation.spring.web.plugins.DocumentationPluginsBootstrapper [restartedMain] Context refreshed
2021-05-31 11:57:54,325 INFO springfox.documentation.spring.web.plugins.DocumentationPluginsBootstrapper [restartedMain] Found 1 custom documentation plugin(s)
2021-05-31 11:57:54,348 INFO springfox.documentation.spring.web.scanners.ApiListingReferenceScanner [restartedMain] Scanning for api listing references
2021-05-31 11:57:54,983 INFO org.springframework.boot.StartupInfoLogger [restartedMain] Started FlightManagementApplication in 14.182 seconds (JVM running for 328.614)
2021-05-31 11:57:54,992 INFO org.springframework.boot.devtools.autoconfigure.ConditionEvaluationDeltaLoggingListener [restartedMain] Condition evaluation unchanged
2021-05-31 11:58:04,822 INFO org.apache.juli.logging.DirectJDKLog [http-nio-8082-exec-1] Initializing Spring DispatcherServlet 'dispatcherServlet'
2021-05-31 11:58:04,823 INFO org.springframework.web.servlet.FrameworkServlet [http-nio-8082-exec-1] Initializing Servlet 'dispatcherServlet'
2021-05-31 11:58:04,826 INFO org.springframework.web.servlet.FrameworkServlet [http-nio-8082-exec-1] Completed initialization in 2 ms
2021-05-31 11:58:25,380 INFO com.cg.flightmgmt.controller.ScheduledFlightController [http-nio-8082-exec-5] ResponseEntity<ScheduledFlight> viewAllScheduledFlight()
2021-05-31 11:58:25,416 INFO com.cg.flightmgmt.service.ScheduledFlightService [http-nio-8082-exec-5] List<ScheduledFlight> viewAllScheduledFlights()
2021-05-31 11:58:56,674 INFO com.cg.flightmgmt.controller.ScheduledFlightController [http-nio-8082-exec-9] ResponseEntity<ScheduledFlight> viewAllScheduledFlightsbyAirport()
2021-05-31 11:59:56,636 INFO com.cg.flightmgmt.controller.ScheduledFlightController [http-nio-8082-exec-10] ResponseEntity<ScheduledFlight> viewAllScheduledFlightsbyAirport()
2021-05-31 12:00:11,223 INFO com.cg.flightmgmt.controller.ScheduledFlightController [http-nio-8082-exec-4] ResponseEntity<ScheduledFlight> viewAllScheduledFlightsbyAirport()
2021-05-31 12:04:37,917 INFO com.cg.flightmgmt.controller.UserController [http-nio-8082-exec-6] ResponseEntity<User> validateUser()
2021-05-31 12:04:37,940 INFO com.cg.flightmgmt.service.UserService [http-nio-8082-exec-6] User validateUser()
2021-05-31 12:04:43,612 INFO com.cg.flightmgmt.controller.FlightController [http-nio-8082-exec-8] ResponseEntity<Set<Flight>> viewAllFlights()
2021-05-31 12:04:43,658 INFO com.cg.flightmgmt.service.FlightService [http-nio-8082-exec-8] Set<Flight> viewAllFligts()
2021-05-31 12:21:54,638 INFO com.cg.flightmgmt.controller.FlightController [http-nio-8082-exec-9] ResponseEntity<Set<Flight>> viewAllFlights()
2021-05-31 12:21:57,348 INFO com.cg.flightmgmt.service.FlightService [http-nio-8082-exec-9] Set<Flight> viewAllFligts()
2021-05-31 12:31:14,507 INFO com.cg.flightmgmt.controller.FlightController [http-nio-8082-exec-10] ResponseEntity<Set<Flight>> viewAllFlights()
2021-05-31 12:31:14,556 INFO com.cg.flightmgmt.service.FlightService [http-nio-8082-exec-10] Set<Flight> viewAllFligts()
2021-05-31 12:31:26,497 INFO com.cg.flightmgmt.controller.ScheduledFlightController [http-nio-8082-exec-4] ResponseEntity<ScheduledFlight> viewAllScheduledFlight()
2021-05-31 12:31:26,500 INFO com.cg.flightmgmt.service.ScheduledFlightService [http-nio-8082-exec-4] List<ScheduledFlight> viewAllScheduledFlights()
2021-05-31 12:38:01,461 INFO com.cg.flightmgmt.controller.ScheduledFlightController [http-nio-8082-exec-6] ResponseEntity<ScheduledFlight> viewAllScheduledFlight()
2021-05-31 12:38:01,499 INFO com.cg.flightmgmt.service.ScheduledFlightService [http-nio-8082-exec-6] List<ScheduledFlight> viewAllScheduledFlights()
2021-05-31 12:43:00,072 INFO com.cg.flightmgmt.controller.ScheduledFlightController [http-nio-8082-exec-8] ResponseEntity<ScheduledFlight> viewAllScheduledFlightsbyAirport()
2021-05-31 12:47:50,111 INFO com.cg.flightmgmt.controller.ScheduleController [http-nio-8082-exec-9] ResponseEntity<Schedule> addSchedule()
2021-05-31 12:47:50,195 INFO com.cg.flightmgmt.service.ScheduleService [http-nio-8082-exec-9] Schedule addSchedule()
2021-05-31 12:48:41,632 INFO com.cg.flightmgmt.controller.ScheduledFlightController [http-nio-8082-exec-10] ResponseEntity<ScheduledFlight> addScheduledFlight()
2021-05-31 12:48:41,641 INFO com.cg.flightmgmt.service.ScheduledFlightService [http-nio-8082-exec-10] ScheduledFlight addFlightSchedule()
2021-05-31 12:49:05,163 INFO com.cg.flightmgmt.controller.ScheduledFlightController [http-nio-8082-exec-4] ResponseEntity<ScheduledFlight> viewAllScheduledFlightsbyAirport()
2021-05-31 12:49:35,236 INFO com.cg.flightmgmt.controller.ScheduledFlightController [http-nio-8082-exec-6] ResponseEntity<ScheduledFlight> viewAllScheduledFlightsbyAirport()
2021-05-31 14:25:29,958 INFO com.cg.flightmgmt.controller.ScheduledFlightController [http-nio-8082-exec-8] ResponseEntity<ScheduledFlight> viewAllScheduledFlightsbyAirport()
2021-05-31 14:25:45,127 INFO com.cg.flightmgmt.controller.ScheduledFlightController [http-nio-8082-exec-7] ResponseEntity<ScheduledFlight> viewAllScheduledFlightsbyAirport()
2021-05-31 14:25:54,133 INFO com.cg.flightmgmt.controller.ScheduledFlightController [http-nio-8082-exec-9] ResponseEntity<ScheduledFlight> viewAllScheduledFlightsbyAirport()
2021-05-31 14:25:58,902 INFO com.cg.flightmgmt.controller.ScheduledFlightController [http-nio-8082-exec-2] ResponseEntity<ScheduledFlight> viewAllScheduledFlightsbyAirport()
2021-05-31 14:26:02,529 INFO com.cg.flightmgmt.controller.ScheduledFlightController [http-nio-8082-exec-10] ResponseEntity<ScheduledFlight> viewAllScheduledFlightsbyAirport()
2021-05-31 14:26:02,529 INFO com.cg.flightmgmt.controller.ScheduledFlightController [http-nio-8082-exec-1] ResponseEntity<ScheduledFlight> viewAllScheduledFlightsbyAirport()
2021-05-31 14:26:12,657 INFO com.cg.flightmgmt.controller.ScheduledFlightController [http-nio-8082-exec-4] ResponseEntity<ScheduledFlight> viewAllScheduledFlightsbyAirport()
2021-05-31 14:26:12,713 INFO com.cg.flightmgmt.controller.ScheduledFlightController [http-nio-8082-exec-3] ResponseEntity<ScheduledFlight> viewAllScheduledFlightsbyAirport()
2021-05-31 14:26:12,840 INFO com.cg.flightmgmt.controller.ScheduledFlightController [http-nio-8082-exec-7] ResponseEntity<ScheduledFlight> viewAllScheduledFlightsbyAirport()
2021-05-31 14:26:13,206 INFO com.cg.flightmgmt.controller.ScheduledFlightController [http-nio-8082-exec-6] ResponseEntity<ScheduledFlight> viewAllScheduledFlightsbyAirport()
2021-05-31 14:30:49,503 WARN com.zaxxer.hikari.pool.HikariPool$HouseKeeper [HikariPool-2 housekeeper] HikariPool-2 - Thread starvation or clock leap detected (housekeeper delta=47s232ms104µs300ns).
2021-05-31 14:37:52,494 INFO com.cg.flightmgmt.controller.ScheduledFlightController [http-nio-8082-exec-10] ResponseEntity<ScheduledFlight> viewAllScheduledFlightsbyAirport()
2021-05-31 14:43:18,612 INFO com.cg.flightmgmt.controller.ScheduledFlightController [http-nio-8082-exec-3] ResponseEntity<ScheduledFlight> viewAllScheduledFlightsbyAirport()
2021-05-31 14:43:29,393 INFO com.cg.flightmgmt.controller.ScheduledFlightController [http-nio-8082-exec-4] ResponseEntity<ScheduledFlight> viewAllScheduledFlightsbyAirport()
