2021-06-05 08:52:21,190 INFO org.springframework.boot.StartupInfoLogger [restartedMain] Starting FlightManagementApplication using Java 15.0.2 on GNANI with PID 16736 (C:\Users\Gnanesh\eclipse-workspace\Flight-Management-Application\target\classes started by Gnanesh in C:\Users\Gnanesh\eclipse-workspace\Flight-Management-Application)
2021-06-05 08:52:21,192 INFO org.hibernate.validator.internal.util.Version [background-preinit] HV000001: Hibernate Validator 6.1.7.Final
2021-06-05 08:52:21,194 INFO org.springframework.boot.SpringApplication [restartedMain] No active profile set, falling back to default profiles: default
2021-06-05 08:52:21,231 INFO org.springframework.boot.logging.DeferredLog [restartedMain] The Class-Path manifest attribute in C:\Users\Gnanesh\.m2\repository\com\oracle\database\jdbc\ojdbc8\19.8.0.0\ojdbc8-19.8.0.0.jar referenced one or more files that do not exist: file:/C:/Users/Gnanesh/.m2/repository/com/oracle/database/jdbc/ojdbc8/19.8.0.0/oraclepki.jar
2021-06-05 08:52:21,231 INFO org.springframework.boot.logging.DeferredLog [restartedMain] Devtools property defaults active! Set 'spring.devtools.add-properties' to 'false' to disable
2021-06-05 08:52:21,231 INFO org.springframework.boot.logging.DeferredLog [restartedMain] For additional web related logging consider setting the 'logging.level.web' property to 'DEBUG'
2021-06-05 08:52:21,927 INFO org.springframework.data.repository.config.RepositoryConfigurationDelegate [restartedMain] Bootstrapping Spring Data JPA repositories in DEFAULT mode.
2021-06-05 08:52:21,987 INFO org.springframework.data.repository.config.RepositoryConfigurationDelegate [restartedMain] Finished Spring Data repository scanning in 54 ms. Found 7 JPA repository interfaces.
2021-06-05 08:52:22,480 INFO org.springframework.boot.web.embedded.tomcat.TomcatWebServer [restartedMain] Tomcat initialized with port(s): 8082 (http)
2021-06-05 08:52:22,490 INFO org.apache.juli.logging.DirectJDKLog [restartedMain] Initializing ProtocolHandler ["http-nio-8082"]
2021-06-05 08:52:22,491 INFO org.apache.juli.logging.DirectJDKLog [restartedMain] Starting service [Tomcat]
2021-06-05 08:52:22,491 INFO org.apache.juli.logging.DirectJDKLog [restartedMain] Starting Servlet engine: [Apache Tomcat/9.0.45]
2021-06-05 08:52:22,560 INFO org.apache.juli.logging.DirectJDKLog [restartedMain] Initializing Spring embedded WebApplicationContext
2021-06-05 08:52:22,561 INFO org.springframework.boot.web.servlet.context.ServletWebServerApplicationContext [restartedMain] Root WebApplicationContext: initialization completed in 1329 ms
2021-06-05 08:52:22,713 INFO org.hibernate.jpa.internal.util.LogHelper [restartedMain] HHH000204: Processing PersistenceUnitInfo [name: default]
2021-06-05 08:52:22,760 INFO org.hibernate.Version [restartedMain] HHH000412: Hibernate ORM core version 5.4.30.Final
2021-06-05 08:52:22,881 INFO org.hibernate.annotations.common.reflection.java.JavaReflectionManager [restartedMain] HCANN000001: Hibernate Commons Annotations {5.1.2.Final}
2021-06-05 08:52:22,971 INFO com.zaxxer.hikari.HikariDataSource [restartedMain] HikariPool-1 - Starting...
2021-06-05 08:52:22,973 WARN com.zaxxer.hikari.util.DriverDataSource [restartedMain] Registered driver with driverClassName=oracle.jdbc.driver.OracleDriver was not found, trying direct instantiation.
2021-06-05 08:52:23,191 INFO com.zaxxer.hikari.HikariDataSource [restartedMain] HikariPool-1 - Start completed.
2021-06-05 08:52:23,210 INFO org.hibernate.dialect.Dialect [restartedMain] HHH000400: Using dialect: org.hibernate.dialect.Oracle10gDialect
2021-06-05 08:52:24,050 INFO org.hibernate.engine.transaction.jta.platform.internal.JtaPlatformInitiator [restartedMain] HHH000490: Using JtaPlatform implementation: [org.hibernate.engine.transaction.jta.platform.internal.NoJtaPlatform]
2021-06-05 08:52:24,058 INFO org.springframework.orm.jpa.AbstractEntityManagerFactoryBean [restartedMain] Initialized JPA EntityManagerFactory for persistence unit 'default'
2021-06-05 08:52:24,084 INFO org.springframework.boot.devtools.autoconfigure.OptionalLiveReloadServer [restartedMain] LiveReload server is running on port 35729
2021-06-05 08:52:24,644 WARN org.springframework.boot.autoconfigure.orm.jpa.JpaBaseConfiguration$JpaWebConfiguration [restartedMain] spring.jpa.open-in-view is enabled by default. Therefore, database queries may be performed during view rendering. Explicitly configure spring.jpa.open-in-view to disable this warning
2021-06-05 08:52:24,751 INFO springfox.documentation.spring.web.PropertySourcedRequestMappingHandlerMapping [restartedMain] Mapped URL path [/v2/api-docs] onto method [springfox.documentation.swagger2.web.Swagger2Controller#getDocumentation(String, HttpServletRequest)]
2021-06-05 08:52:24,815 INFO org.springframework.scheduling.concurrent.ExecutorConfigurationSupport [restartedMain] Initializing ExecutorService 'applicationTaskExecutor'
2021-06-05 08:52:24,941 INFO org.apache.juli.logging.DirectJDKLog [restartedMain] Starting ProtocolHandler ["http-nio-8082"]
2021-06-05 08:52:24,962 INFO org.springframework.boot.web.embedded.tomcat.TomcatWebServer [restartedMain] Tomcat started on port(s): 8082 (http) with context path ''
2021-06-05 08:52:24,963 INFO springfox.documentation.spring.web.plugins.DocumentationPluginsBootstrapper [restartedMain] Context refreshed
2021-06-05 08:52:24,978 INFO springfox.documentation.spring.web.plugins.DocumentationPluginsBootstrapper [restartedMain] Found 1 custom documentation plugin(s)
2021-06-05 08:52:24,994 INFO springfox.documentation.spring.web.scanners.ApiListingReferenceScanner [restartedMain] Scanning for api listing references
2021-06-05 08:52:25,245 INFO org.springframework.boot.StartupInfoLogger [restartedMain] Started FlightManagementApplication in 4.418 seconds (JVM running for 5.284)
2021-06-05 08:57:17,894 INFO org.apache.juli.logging.DirectJDKLog [http-nio-8082-exec-1] Initializing Spring DispatcherServlet 'dispatcherServlet'
2021-06-05 08:57:17,895 INFO org.springframework.web.servlet.FrameworkServlet [http-nio-8082-exec-1] Initializing Servlet 'dispatcherServlet'
2021-06-05 08:57:17,896 INFO org.springframework.web.servlet.FrameworkServlet [http-nio-8082-exec-1] Completed initialization in 1 ms
2021-06-05 08:57:17,935 INFO com.cg.flightmgmt.controller.ScheduledFlightController [http-nio-8082-exec-1] ResponseEntity<ScheduledFlight> viewAllScheduledFlightsbyAirport()
2021-06-05 08:57:27,138 INFO com.cg.flightmgmt.controller.UserController [http-nio-8082-exec-3] ResponseEntity<User> validateUser()
2021-06-05 08:57:27,143 INFO com.cg.flightmgmt.service.UserService [http-nio-8082-exec-3] User validateUser()
2021-06-05 08:57:27,167 WARN org.springframework.web.servlet.handler.AbstractHandlerExceptionResolver [http-nio-8082-exec-3] Resolved [com.cg.flightmgmt.exception.UserNotFoundException: Password does not match.]
2021-06-05 08:57:33,307 INFO com.cg.flightmgmt.controller.UserController [http-nio-8082-exec-5] ResponseEntity<User> validateUser()
2021-06-05 08:57:33,308 INFO com.cg.flightmgmt.service.UserService [http-nio-8082-exec-5] User validateUser()
2021-06-05 08:57:36,900 INFO com.cg.flightmgmt.controller.UserController [http-nio-8082-exec-6] ResponseEntity<User>  viewUserById()
2021-06-05 08:57:36,902 INFO com.cg.flightmgmt.service.UserService [http-nio-8082-exec-6] User getUserById()
2021-06-05 08:57:39,553 WARN org.springframework.web.servlet.handler.AbstractHandlerExceptionResolver [http-nio-8082-exec-8] Resolved [org.springframework.web.bind.MethodArgumentNotValidException: Validation failed for argument [0] in public org.springframework.http.ResponseEntity<com.cg.flightmgmt.dto.User> com.cg.flightmgmt.controller.UserController.updateUser(com.cg.flightmgmt.dto.User) throws com.cg.flightmgmt.exception.UserNotFoundException with 7 errors: [Field error in object 'user' on field 'mobileNumber': rejected value [0]; codes [Size.user.mobileNumber,Size.mobileNumber,Size.java.lang.String,Size]; arguments [org.springframework.context.support.DefaultMessageSourceResolvable: codes [user.mobileNumber,mobileNumber]; arguments []; default message [mobileNumber],10,10]; default message [Should be exact 10 chars]] [Field error in object 'user' on field 'password': rejected value []; codes [Size.user.password,Size.password,Size.java.lang.String,Size]; arguments [org.springframework.context.support.DefaultMessageSourceResolvable: codes [user.password,password]; arguments []; default message [password],2147483647,6]; default message [Should be more than 6 chars]] [Field error in object 'user' on field 'userName': rejected value []; codes [NotEmpty.user.userName,NotEmpty.userName,NotEmpty.java.lang.String,NotEmpty]; arguments [org.springframework.context.support.DefaultMessageSourceResolvable: codes [user.userName,userName]; arguments []; default message [userName]]; default message [userName should not be empty]] [Field error in object 'user' on field 'userName': rejected value []; codes [Size.user.userName,Size.userName,Size.java.lang.String,Size]; arguments [org.springframework.context.support.DefaultMessageSourceResolvable: codes [user.userName,userName]; arguments []; default message [userName],2147483647,2]; default message [Should be more than 2 chars]] [Field error in object 'user' on field 'userType': rejected value []; codes [NotEmpty.user.userType,NotEmpty.userType,NotEmpty.java.lang.String,NotEmpty]; arguments [org.springframework.context.support.DefaultMessageSourceResolvable: codes [user.userType,userType]; arguments []; default message [userType]]; default message [Type should not be empty]] [Field error in object 'user' on field 'email': rejected value []; codes [NotEmpty.user.email,NotEmpty.email,NotEmpty.java.lang.String,NotEmpty]; arguments [org.springframework.context.support.DefaultMessageSourceResolvable: codes [user.email,email]; arguments []; default message [email]]; default message [Email should not be empty]] [Field error in object 'user' on field 'password': rejected value []; codes [NotEmpty.user.password,NotEmpty.password,NotEmpty.java.lang.String,NotEmpty]; arguments [org.springframework.context.support.DefaultMessageSourceResolvable: codes [user.password,password]; arguments []; default message [password]]; default message [Password should not be empty]] ]
2021-06-05 08:59:26,678 INFO com.cg.flightmgmt.controller.UserController [http-nio-8082-exec-9] ResponseEntity<User> validateUser()
2021-06-05 08:59:26,680 INFO com.cg.flightmgmt.service.UserService [http-nio-8082-exec-9] User validateUser()
2021-06-05 08:59:30,175 INFO com.cg.flightmgmt.controller.UserController [http-nio-8082-exec-10] ResponseEntity<User>  viewUserById()
2021-06-05 08:59:30,180 INFO com.cg.flightmgmt.service.UserService [http-nio-8082-exec-10] User getUserById()
2021-06-05 09:00:07,743 WARN org.springframework.web.servlet.handler.AbstractHandlerExceptionResolver [http-nio-8082-exec-2] Resolved [org.springframework.web.bind.MethodArgumentNotValidException: Validation failed for argument [0] in public org.springframework.http.ResponseEntity<com.cg.flightmgmt.dto.User> com.cg.flightmgmt.controller.UserController.updateUser(com.cg.flightmgmt.dto.User) throws com.cg.flightmgmt.exception.UserNotFoundException with 7 errors: [Field error in object 'user' on field 'mobileNumber': rejected value [0]; codes [Size.user.mobileNumber,Size.mobileNumber,Size.java.lang.String,Size]; arguments [org.springframework.context.support.DefaultMessageSourceResolvable: codes [user.mobileNumber,mobileNumber]; arguments []; default message [mobileNumber],10,10]; default message [Should be exact 10 chars]] [Field error in object 'user' on field 'userType': rejected value []; codes [NotEmpty.user.userType,NotEmpty.userType,NotEmpty.java.lang.String,NotEmpty]; arguments [org.springframework.context.support.DefaultMessageSourceResolvable: codes [user.userType,userType]; arguments []; default message [userType]]; default message [Type should not be empty]] [Field error in object 'user' on field 'password': rejected value []; codes [Size.user.password,Size.password,Size.java.lang.String,Size]; arguments [org.springframework.context.support.DefaultMessageSourceResolvable: codes [user.password,password]; arguments []; default message [password],2147483647,6]; default message [Should be more than 6 chars]] [Field error in object 'user' on field 'userName': rejected value []; codes [Size.user.userName,Size.userName,Size.java.lang.String,Size]; arguments [org.springframework.context.support.DefaultMessageSourceResolvable: codes [user.userName,userName]; arguments []; default message [userName],2147483647,2]; default message [Should be more than 2 chars]] [Field error in object 'user' on field 'userName': rejected value []; codes [NotEmpty.user.userName,NotEmpty.userName,NotEmpty.java.lang.String,NotEmpty]; arguments [org.springframework.context.support.DefaultMessageSourceResolvable: codes [user.userName,userName]; arguments []; default message [userName]]; default message [userName should not be empty]] [Field error in object 'user' on field 'password': rejected value []; codes [NotEmpty.user.password,NotEmpty.password,NotEmpty.java.lang.String,NotEmpty]; arguments [org.springframework.context.support.DefaultMessageSourceResolvable: codes [user.password,password]; arguments []; default message [password]]; default message [Password should not be empty]] [Field error in object 'user' on field 'email': rejected value []; codes [NotEmpty.user.email,NotEmpty.email,NotEmpty.java.lang.String,NotEmpty]; arguments [org.springframework.context.support.DefaultMessageSourceResolvable: codes [user.email,email]; arguments []; default message [email]]; default message [Email should not be empty]] ]
2021-06-05 09:00:41,555 INFO com.cg.flightmgmt.controller.UserController [http-nio-8082-exec-3] ResponseEntity<User>  viewUserById()
2021-06-05 09:00:41,557 INFO com.cg.flightmgmt.service.UserService [http-nio-8082-exec-3] User getUserById()
2021-06-05 09:03:48,681 INFO com.cg.flightmgmt.controller.UserController [http-nio-8082-exec-5] ResponseEntity<User> validateUser()
2021-06-05 09:03:48,684 INFO com.cg.flightmgmt.service.UserService [http-nio-8082-exec-5] User validateUser()
2021-06-05 09:03:55,235 INFO com.cg.flightmgmt.controller.UserController [http-nio-8082-exec-7] ResponseEntity<User>  viewUserById()
2021-06-05 09:03:55,238 INFO com.cg.flightmgmt.service.UserService [http-nio-8082-exec-7] User getUserById()
2021-06-05 09:04:54,385 INFO com.cg.flightmgmt.controller.UserController [http-nio-8082-exec-9] ResponseEntity<User> validateUser()
2021-06-05 09:04:54,387 INFO com.cg.flightmgmt.service.UserService [http-nio-8082-exec-9] User validateUser()
2021-06-05 09:05:00,980 INFO com.cg.flightmgmt.controller.UserController [http-nio-8082-exec-10] ResponseEntity<User>  viewUserById()
2021-06-05 09:05:00,982 INFO com.cg.flightmgmt.service.UserService [http-nio-8082-exec-10] User getUserById()
2021-06-05 09:05:30,605 WARN org.springframework.web.servlet.handler.AbstractHandlerExceptionResolver [http-nio-8082-exec-2] Resolved [org.springframework.web.bind.MethodArgumentNotValidException: Validation failed for argument [0] in public org.springframework.http.ResponseEntity<com.cg.flightmgmt.dto.User> com.cg.flightmgmt.controller.UserController.updateUser(com.cg.flightmgmt.dto.User) throws com.cg.flightmgmt.exception.UserNotFoundException with 7 errors: [Field error in object 'user' on field 'mobileNumber': rejected value [0]; codes [Size.user.mobileNumber,Size.mobileNumber,Size.java.lang.String,Size]; arguments [org.springframework.context.support.DefaultMessageSourceResolvable: codes [user.mobileNumber,mobileNumber]; arguments []; default message [mobileNumber],10,10]; default message [Should be exact 10 chars]] [Field error in object 'user' on field 'password': rejected value []; codes [Size.user.password,Size.password,Size.java.lang.String,Size]; arguments [org.springframework.context.support.DefaultMessageSourceResolvable: codes [user.password,password]; arguments []; default message [password],2147483647,6]; default message [Should be more than 6 chars]] [Field error in object 'user' on field 'userName': rejected value []; codes [NotEmpty.user.userName,NotEmpty.userName,NotEmpty.java.lang.String,NotEmpty]; arguments [org.springframework.context.support.DefaultMessageSourceResolvable: codes [user.userName,userName]; arguments []; default message [userName]]; default message [userName should not be empty]] [Field error in object 'user' on field 'userName': rejected value []; codes [Size.user.userName,Size.userName,Size.java.lang.String,Size]; arguments [org.springframework.context.support.DefaultMessageSourceResolvable: codes [user.userName,userName]; arguments []; default message [userName],2147483647,2]; default message [Should be more than 2 chars]] [Field error in object 'user' on field 'userType': rejected value []; codes [NotEmpty.user.userType,NotEmpty.userType,NotEmpty.java.lang.String,NotEmpty]; arguments [org.springframework.context.support.DefaultMessageSourceResolvable: codes [user.userType,userType]; arguments []; default message [userType]]; default message [Type should not be empty]] [Field error in object 'user' on field 'email': rejected value []; codes [NotEmpty.user.email,NotEmpty.email,NotEmpty.java.lang.String,NotEmpty]; arguments [org.springframework.context.support.DefaultMessageSourceResolvable: codes [user.email,email]; arguments []; default message [email]]; default message [Email should not be empty]] [Field error in object 'user' on field 'password': rejected value []; codes [NotEmpty.user.password,NotEmpty.password,NotEmpty.java.lang.String,NotEmpty]; arguments [org.springframework.context.support.DefaultMessageSourceResolvable: codes [user.password,password]; arguments []; default message [password]]; default message [Password should not be empty]] ]
2021-06-05 09:08:53,137 INFO com.cg.flightmgmt.controller.UserController [http-nio-8082-exec-3] ResponseEntity<User> validateUser()
2021-06-05 09:08:53,140 INFO com.cg.flightmgmt.service.UserService [http-nio-8082-exec-3] User validateUser()
2021-06-05 09:09:01,559 INFO com.cg.flightmgmt.controller.UserController [http-nio-8082-exec-5] ResponseEntity<User>  viewUserById()
2021-06-05 09:09:01,561 INFO com.cg.flightmgmt.service.UserService [http-nio-8082-exec-5] User getUserById()
2021-06-05 09:09:07,473 INFO com.cg.flightmgmt.controller.UserController [http-nio-8082-exec-6] ResponseEntity<User> updateUser()
2021-06-05 09:09:07,475 INFO com.cg.flightmgmt.service.UserService [http-nio-8082-exec-6] User updateUser()
2021-06-05 09:09:14,053 INFO com.cg.flightmgmt.controller.UserController [http-nio-8082-exec-8] ResponseEntity<User>  viewUserById()
2021-06-05 09:09:14,055 INFO com.cg.flightmgmt.service.UserService [http-nio-8082-exec-8] User getUserById()
2021-06-05 09:09:15,819 INFO com.cg.flightmgmt.controller.UserController [http-nio-8082-exec-9] ResponseEntity<User> updateUser()
2021-06-05 09:09:15,820 INFO com.cg.flightmgmt.service.UserService [http-nio-8082-exec-9] User updateUser()
2021-06-05 09:09:19,506 INFO com.cg.flightmgmt.controller.UserController [http-nio-8082-exec-1] ResponseEntity<User>  viewUserById()
2021-06-05 09:09:19,509 INFO com.cg.flightmgmt.service.UserService [http-nio-8082-exec-1] User getUserById()
2021-06-05 09:10:09,714 INFO com.cg.flightmgmt.controller.UserController [http-nio-8082-exec-3] ResponseEntity<User> validateUser()
2021-06-05 09:10:09,716 INFO com.cg.flightmgmt.service.UserService [http-nio-8082-exec-3] User validateUser()
2021-06-05 09:10:12,972 INFO com.cg.flightmgmt.controller.UserController [http-nio-8082-exec-4] ResponseEntity<User>  viewUserById()
2021-06-05 09:10:12,974 INFO com.cg.flightmgmt.service.UserService [http-nio-8082-exec-4] User getUserById()
2021-06-05 09:10:15,778 INFO com.cg.flightmgmt.controller.UserController [http-nio-8082-exec-5] ResponseEntity<User> updateUser()
2021-06-05 09:10:15,780 INFO com.cg.flightmgmt.service.UserService [http-nio-8082-exec-5] User updateUser()
2021-06-05 09:10:20,939 INFO com.cg.flightmgmt.controller.UserController [http-nio-8082-exec-6] ResponseEntity<User>  viewUserById()
2021-06-05 09:10:20,941 INFO com.cg.flightmgmt.service.UserService [http-nio-8082-exec-6] User getUserById()
2021-06-05 09:15:20,952 INFO com.cg.flightmgmt.controller.UserController [http-nio-8082-exec-8] ResponseEntity<User> validateUser()
2021-06-05 09:15:20,955 INFO com.cg.flightmgmt.service.UserService [http-nio-8082-exec-8] User validateUser()
2021-06-05 09:15:24,606 INFO com.cg.flightmgmt.controller.UserController [http-nio-8082-exec-9] ResponseEntity<User>  viewUserById()
2021-06-05 09:15:24,607 INFO com.cg.flightmgmt.service.UserService [http-nio-8082-exec-9] User getUserById()
2021-06-05 09:15:26,394 INFO com.cg.flightmgmt.controller.UserController [http-nio-8082-exec-10] ResponseEntity<User> updateUser()
2021-06-05 09:15:26,396 INFO com.cg.flightmgmt.service.UserService [http-nio-8082-exec-10] User updateUser()
2021-06-05 09:15:39,739 INFO com.cg.flightmgmt.controller.UserController [http-nio-8082-exec-1] ResponseEntity<User>  viewUserById()
2021-06-05 09:15:39,742 INFO com.cg.flightmgmt.service.UserService [http-nio-8082-exec-1] User getUserById()
2021-06-05 09:27:38,260 INFO com.cg.flightmgmt.controller.UserController [http-nio-8082-exec-3] ResponseEntity<User> validateUser()
2021-06-05 09:27:38,262 INFO com.cg.flightmgmt.service.UserService [http-nio-8082-exec-3] User validateUser()
2021-06-05 09:27:38,268 WARN org.springframework.web.servlet.handler.AbstractHandlerExceptionResolver [http-nio-8082-exec-3] Resolved [com.cg.flightmgmt.exception.UserNotFoundException: Password does not match.]
2021-06-05 09:27:47,127 INFO com.cg.flightmgmt.controller.UserController [http-nio-8082-exec-4] ResponseEntity<User> validateUser()
2021-06-05 09:27:47,129 INFO com.cg.flightmgmt.service.UserService [http-nio-8082-exec-4] User validateUser()
2021-06-05 09:27:50,460 INFO com.cg.flightmgmt.controller.UserController [http-nio-8082-exec-5] ResponseEntity<User>  viewUserById()
2021-06-05 09:27:50,462 INFO com.cg.flightmgmt.service.UserService [http-nio-8082-exec-5] User getUserById()
2021-06-05 09:27:52,006 INFO com.cg.flightmgmt.controller.UserController [http-nio-8082-exec-7] ResponseEntity<User> updateUser()
2021-06-05 09:27:52,007 INFO com.cg.flightmgmt.service.UserService [http-nio-8082-exec-7] User updateUser()
2021-06-05 09:29:33,701 INFO com.cg.flightmgmt.controller.UserController [http-nio-8082-exec-9] ResponseEntity<User>  viewUserById()
2021-06-05 09:29:33,704 INFO com.cg.flightmgmt.service.UserService [http-nio-8082-exec-9] User getUserById()
2021-06-05 09:29:44,151 INFO com.cg.flightmgmt.controller.UserController [http-nio-8082-exec-1] ResponseEntity<User> validateUser()
2021-06-05 09:29:44,153 INFO com.cg.flightmgmt.service.UserService [http-nio-8082-exec-1] User validateUser()
2021-06-05 09:29:47,035 INFO com.cg.flightmgmt.controller.UserController [http-nio-8082-exec-2] ResponseEntity<User>  viewUserById()
2021-06-05 09:29:47,037 INFO com.cg.flightmgmt.service.UserService [http-nio-8082-exec-2] User getUserById()
2021-06-05 09:29:48,136 INFO com.cg.flightmgmt.controller.UserController [http-nio-8082-exec-3] ResponseEntity<User> updateUser()
2021-06-05 09:29:48,138 INFO com.cg.flightmgmt.service.UserService [http-nio-8082-exec-3] User updateUser()
2021-06-05 09:29:55,914 INFO com.cg.flightmgmt.controller.UserController [http-nio-8082-exec-4] ResponseEntity<User> updateUser()
2021-06-05 09:29:55,916 INFO com.cg.flightmgmt.service.UserService [http-nio-8082-exec-4] User updateUser()
2021-06-05 10:58:11,804 INFO com.cg.flightmgmt.controller.UserController [http-nio-8082-exec-6] ResponseEntity<User> validateUser()
2021-06-05 10:58:11,810 INFO com.cg.flightmgmt.service.UserService [http-nio-8082-exec-6] User validateUser()
2021-06-05 10:58:16,530 INFO com.cg.flightmgmt.controller.FlightController [http-nio-8082-exec-7] ResponseEntity<Set<Flight>> viewAllFlights()
2021-06-05 10:58:16,558 INFO com.cg.flightmgmt.service.FlightService [http-nio-8082-exec-7] Set<Flight> viewAllFligts()
2021-06-05 10:58:18,016 INFO com.cg.flightmgmt.controller.FlightController [http-nio-8082-exec-8] ResponseEntity<Flight> viewFlight()
2021-06-05 10:58:18,018 INFO com.cg.flightmgmt.service.FlightService [http-nio-8082-exec-8] Flight viewFlight()
2021-06-05 11:04:15,872 INFO com.cg.flightmgmt.controller.UserController [http-nio-8082-exec-10] ResponseEntity<User> validateUser()
2021-06-05 11:04:15,875 INFO com.cg.flightmgmt.service.UserService [http-nio-8082-exec-10] User validateUser()
2021-06-05 11:04:30,337 INFO com.cg.flightmgmt.controller.UserController [http-nio-8082-exec-1] ResponseEntity<User>  viewUserById()
2021-06-05 11:04:30,339 INFO com.cg.flightmgmt.service.UserService [http-nio-8082-exec-1] User getUserById()
2021-06-05 11:04:35,281 INFO com.cg.flightmgmt.controller.UserController [http-nio-8082-exec-3] ResponseEntity<User> updateUser()
2021-06-05 11:04:35,283 INFO com.cg.flightmgmt.service.UserService [http-nio-8082-exec-3] User updateUser()
2021-06-05 11:04:58,977 INFO com.cg.flightmgmt.controller.UserController [http-nio-8082-exec-4] ResponseEntity<User> updateUser()
2021-06-05 11:04:58,978 INFO com.cg.flightmgmt.service.UserService [http-nio-8082-exec-4] User updateUser()
2021-06-05 11:06:33,002 INFO com.cg.flightmgmt.controller.UserController [http-nio-8082-exec-6] ResponseEntity<User> validateUser()
2021-06-05 11:06:33,005 INFO com.cg.flightmgmt.service.UserService [http-nio-8082-exec-6] User validateUser()
2021-06-05 11:06:39,140 INFO com.cg.flightmgmt.controller.UserController [http-nio-8082-exec-7] ResponseEntity<User>  viewUserById()
2021-06-05 11:06:39,141 INFO com.cg.flightmgmt.service.UserService [http-nio-8082-exec-7] User getUserById()
2021-06-05 11:06:44,901 INFO com.cg.flightmgmt.controller.UserController [http-nio-8082-exec-8] ResponseEntity<User> updateUser()
2021-06-05 11:06:44,903 INFO com.cg.flightmgmt.service.UserService [http-nio-8082-exec-8] User updateUser()
2021-06-05 11:07:02,931 INFO com.cg.flightmgmt.controller.UserController [http-nio-8082-exec-9] ResponseEntity<User> updateUser()
2021-06-05 11:07:02,932 INFO com.cg.flightmgmt.service.UserService [http-nio-8082-exec-9] User updateUser()
2021-06-05 11:10:48,069 INFO com.cg.flightmgmt.controller.UserController [http-nio-8082-exec-1] ResponseEntity<User> validateUser()
2021-06-05 11:10:48,072 INFO com.cg.flightmgmt.service.UserService [http-nio-8082-exec-1] User validateUser()
2021-06-05 11:10:52,687 INFO com.cg.flightmgmt.controller.UserController [http-nio-8082-exec-2] ResponseEntity<User>  viewUserById()
2021-06-05 11:10:52,689 INFO com.cg.flightmgmt.service.UserService [http-nio-8082-exec-2] User getUserById()
2021-06-05 11:11:47,155 INFO com.cg.flightmgmt.controller.UserController [http-nio-8082-exec-3] ResponseEntity<User> updateUser()
2021-06-05 11:11:47,157 INFO com.cg.flightmgmt.service.UserService [http-nio-8082-exec-3] User updateUser()
2021-06-05 11:16:07,571 INFO com.cg.flightmgmt.controller.UserController [http-nio-8082-exec-3] ResponseEntity<List<User>> viewAllAirport()
2021-06-05 11:16:07,573 INFO com.cg.flightmgmt.service.UserService [http-nio-8082-exec-3] List<User> getAllUser()
2021-06-05 13:15:46,279 INFO org.springframework.boot.admin.SpringApplicationAdminMXBeanRegistrar$SpringApplicationAdmin [RMI TCP Connection(267)-127.0.0.1] Application shutdown requested.
2021-06-05 13:15:46,596 INFO org.springframework.scheduling.concurrent.ExecutorConfigurationSupport [RMI TCP Connection(267)-127.0.0.1] Shutting down ExecutorService 'applicationTaskExecutor'
2021-06-05 13:15:46,615 INFO org.springframework.orm.jpa.AbstractEntityManagerFactoryBean [RMI TCP Connection(267)-127.0.0.1] Closing JPA EntityManagerFactory for persistence unit 'default'
2021-06-05 13:15:46,693 INFO com.zaxxer.hikari.HikariDataSource [RMI TCP Connection(267)-127.0.0.1] HikariPool-1 - Shutdown initiated...
2021-06-05 13:15:46,711 INFO com.zaxxer.hikari.HikariDataSource [RMI TCP Connection(267)-127.0.0.1] HikariPool-1 - Shutdown completed.
